<?xml version="1.0" encoding="utf-8"?>
<CoverageSession xmlns:xsd="http://www.w3.org/2001/XMLSchema" xmlns:xsi="http://www.w3.org/2001/XMLSchema-instance" Version="0.0.0.0">
  <Summary numSequencePoints="1126" visitedSequencePoints="940" numBranchPoints="0" visitedBranchPoints="0" sequenceCoverage="83.48" branchCoverage="0.0" maxCyclomaticComplexity="67" minCyclomaticComplexity="1" maxCrapScore="335.95" minCrapScore="1" visitedClasses="27" numClasses="27" visitedMethods="111" numMethods="111" />
  <Modules>
    <Module>
      <Summary numSequencePoints="1126" visitedSequencePoints="940" numBranchPoints="0" visitedBranchPoints="0" sequenceCoverage="83.48" branchCoverage="0.0" maxCyclomaticComplexity="67" minCyclomaticComplexity="1" maxCrapScore="335.95" minCrapScore="1" visitedClasses="27" numClasses="27" visitedMethods="111" numMethods="111" />
      <ModuleTime>0001-01-01T00:00:00</ModuleTime>
      <ModuleName>GameScripts</ModuleName>
      <Files>
        <File uid="1" fullPath="/home/vng370/Documents/coding/python/My-project/Assets/_Game/Input/BusInputActions.cs" />
        <File uid="2" fullPath="/home/vng370/Documents/coding/python/My-project/Assets/_Game/Scripts/Bus/BusController.cs" />
        <File uid="3" fullPath="/home/vng370/Documents/coding/python/My-project/Assets/_Game/Scripts/Bus/EngineSystem.cs" />
        <File uid="4" fullPath="/home/vng370/Documents/coding/python/My-project/Assets/_Game/Scripts/Bus/TransmissionSystem.cs" />
        <File uid="5" fullPath="/home/vng370/Documents/coding/python/My-project/Assets/_Game/Scripts/Bus/WheelVisualSync.cs" />
        <File uid="6" fullPath="/home/vng370/Documents/coding/python/My-project/Assets/_Game/Scripts/City/CityDefinition.cs" />
        <File uid="7" fullPath="/home/vng370/Documents/coding/python/My-project/Assets/_Game/Scripts/City/CityManager.cs" />
        <File uid="8" fullPath="/home/vng370/Documents/coding/python/My-project/Assets/_Game/Scripts/City/GameState.cs" />
        <File uid="9" fullPath="/home/vng370/Documents/coding/python/My-project/Assets/_Game/Scripts/Map/BusRoute.cs" />
        <File uid="10" fullPath="/home/vng370/Documents/coding/python/My-project/Assets/_Game/Scripts/Map/BusStop.cs" />
        <File uid="11" fullPath="/home/vng370/Documents/coding/python/My-project/Assets/_Game/Scripts/Map/DockingZone.cs" />
        <File uid="12" fullPath="/home/vng370/Documents/coding/python/My-project/Assets/_Game/Scripts/Map/FreeDriveSession.cs" />
        <File uid="13" fullPath="/home/vng370/Documents/coding/python/My-project/Assets/_Game/Scripts/Map/GPSManager.cs" />
        <File uid="14" fullPath="/home/vng370/Documents/coding/python/My-project/Assets/_Game/Scripts/Map/MapTileLoader.cs" />
        <File uid="15" fullPath="/home/vng370/Documents/coding/python/My-project/Assets/_Game/Scripts/Map/MissionData.cs" />
        <File uid="16" fullPath="/home/vng370/Documents/coding/python/My-project/Assets/_Game/Scripts/Map/MissionManager.cs" />
        <File uid="17" fullPath="/home/vng370/Documents/coding/python/My-project/Assets/_Game/Scripts/Map/MissionResult.cs" />
        <File uid="18" fullPath="/home/vng370/Documents/coding/python/My-project/Assets/_Game/Scripts/Map/RouteVisualizer.cs" />
        <File uid="19" fullPath="/home/vng370/Documents/coding/python/My-project/Assets/_Game/Scripts/Map/ScheduleManager.cs" />
        <File uid="20" fullPath="/home/vng370/Documents/coding/python/My-project/Assets/_Game/Scripts/Map/ScoreTracker.cs" />
        <File uid="21" fullPath="/home/vng370/Documents/coding/python/My-project/Assets/_Game/Scripts/Map/StopTrigger.cs" />
        <File uid="22" fullPath="/home/vng370/Documents/coding/python/My-project/Assets/_Game/Scripts/OSM/OSMBuildingLoader.cs" />
        <File uid="23" fullPath="/home/vng370/Documents/coding/python/My-project/Assets/_Game/Scripts/OSM/OSMBuildingMeshBuilder.cs" />
        <File uid="24" fullPath="/home/vng370/Documents/coding/python/My-project/Assets/_Game/Scripts/OSM/OSMLoader.cs" />
        <File uid="25" fullPath="/home/vng370/Documents/coding/python/My-project/Assets/_Game/Scripts/OSM/OSMParser.cs" />
        <File uid="26" fullPath="/home/vng370/Documents/coding/python/My-project/Assets/_Game/Scripts/OSM/OSMRoadMeshBuilder.cs" />
        <File uid="27" fullPath="/home/vng370/Documents/coding/python/My-project/Assets/_Game/Scripts/OSM/OSMRouteImporter.cs" />
        <File uid="28" fullPath="/home/vng370/Documents/coding/python/My-project/Assets/_Game/Scripts/OSM/OSMTypes.cs" />
        <File uid="29" fullPath="/home/vng370/Documents/coding/python/My-project/Assets/_Game/Scripts/Passengers/PassengerData.cs" />
        <File uid="30" fullPath="/home/vng370/Documents/coding/python/My-project/Assets/_Game/Scripts/Passengers/PassengerManager.cs" />
        <File uid="31" fullPath="/home/vng370/Documents/coding/python/My-project/Assets/_Game/Scripts/Traffic/SignalViolationDetector.cs" />
        <File uid="32" fullPath="/home/vng370/Documents/coding/python/My-project/Assets/_Game/Scripts/Traffic/TrafficLight.cs" />
        <File uid="33" fullPath="/home/vng370/Documents/coding/python/My-project/Assets/_Game/Scripts/UI/CityCardUI.cs" />
        <File uid="34" fullPath="/home/vng370/Documents/coding/python/My-project/Assets/_Game/Scripts/UI/CitySelectUI.cs" />
        <File uid="35" fullPath="/home/vng370/Documents/coding/python/My-project/Assets/_Game/Scripts/UI/CountrySelectUI.cs" />
        <File uid="36" fullPath="/home/vng370/Documents/coding/python/My-project/Assets/_Game/Scripts/UI/FreeDriveUI.cs" />
        <File uid="37" fullPath="/home/vng370/Documents/coding/python/My-project/Assets/_Game/Scripts/UI/MainMenuUI.cs" />
        <File uid="38" fullPath="/home/vng370/Documents/coding/python/My-project/Assets/_Game/Scripts/UI/MissionBriefingUI.cs" />
        <File uid="39" fullPath="/home/vng370/Documents/coding/python/My-project/Assets/_Game/Scripts/UI/MissionResultUI.cs" />
        <File uid="40" fullPath="/home/vng370/Documents/coding/python/My-project/Assets/_Game/Scripts/UI/MobileControlsUI.cs" />
        <File uid="41" fullPath="/home/vng370/Documents/coding/python/My-project/Assets/_Game/Scripts/UI/RouteSelectUI.cs" />
        <File uid="42" fullPath="/home/vng370/Documents/coding/python/My-project/Assets/_Game/Scripts/UI/SceneBootstrap.cs" />
        <File uid="43" fullPath="/home/vng370/Documents/coding/python/My-project/Assets/_Game/Scripts/UI/SceneLoader.cs" />
        <File uid="44" fullPath="/home/vng370/Documents/coding/python/My-project/Assets/_Game/Scripts/UI/StopApproachUI.cs" />
        <File uid="45" fullPath="/home/vng370/Documents/coding/python/My-project/Assets/_Game/Scripts/UI/UIFonts.cs" />
        <File uid="46" fullPath="/home/vng370/Documents/coding/python/My-project/Assets/_Game/Scripts/UI/UITheme.cs" />
        <File uid="47" fullPath="/home/vng370/Documents/coding/python/My-project/Assets/_Game/Scripts/Util/MiniJSON.cs" />
        <File uid="48" fullPath="/home/vng370/Documents/coding/python/My-project/Assets/_Game/Scripts/Weather/FogController.cs" />
        <File uid="49" fullPath="/home/vng370/Documents/coding/python/My-project/Assets/_Game/Scripts/Weather/RainController.cs" />
        <File uid="50" fullPath="/home/vng370/Documents/coding/python/My-project/Assets/_Game/Scripts/Weather/SkyController.cs" />
        <File uid="51" fullPath="/home/vng370/Documents/coding/python/My-project/Assets/_Game/Scripts/Weather/SnowController.cs" />
        <File uid="52" fullPath="/home/vng370/Documents/coding/python/My-project/Assets/_Game/Scripts/Weather/Weathersystem.cs" />
        <File uid="53" fullPath="/home/vng370/Documents/coding/python/My-project/Assets/_Game/Scripts/UI/UIAnimator.cs" />
      </Files>
      <Classes>
        <Class>
          <Summary numSequencePoints="44" visitedSequencePoints="44" numBranchPoints="0" visitedBranchPoints="0" sequenceCoverage="100.0" branchCoverage="0.0" maxCyclomaticComplexity="5" minCyclomaticComplexity="1" maxCrapScore="5" minCrapScore="1" visitedClasses="1" numClasses="1" visitedMethods="6" numMethods="6" />
          <FullName>CityDefinition</FullName>
          <Methods>
            <Method visited="true" cyclomaticComplexity="1" nPathComplexity="0" sequenceCoverage="100.0" branchCoverage="0" crapScore="1" isConstructor="false" isStatic="false" isGetter="false" isSetter="false">
              <Summary numSequencePoints="3" visitedSequencePoints="3" numBranchPoints="0" visitedBranchPoints="0" sequenceCoverage="100.0" branchCoverage="0" maxCyclomaticComplexity="1" minCyclomaticComplexity="1" maxCrapScore="1" minCrapScore="1" visitedClasses="0" numClasses="0" visitedMethods="1" numMethods="1" />
              <MetadataToken>100663341</MetadataToken>
              <Name>System.String CityDefinition::GetRoadsPath()</Name>
              <FileRef uid="6" />
              <SequencePoints>
                <SequencePoint vc="1" uspid="4436" ordinal="0" offset="0" sl="55" sc="5" el="55" ec="5" bec="0" bev="0" fileid="6" />
                <SequencePoint vc="1" uspid="4437" ordinal="0" offset="1" sl="56" sc="9" el="56" ec="9" bec="0" bev="0" fileid="6" />
                <SequencePoint vc="1" uspid="4438" ordinal="0" offset="31" sl="59" sc="5" el="59" ec="5" bec="0" bev="0" fileid="6" />
              </SequencePoints>
              <BranchPoints />
            </Method>
            <Method visited="true" cyclomaticComplexity="1" nPathComplexity="0" sequenceCoverage="100.0" branchCoverage="0" crapScore="1" isConstructor="false" isStatic="false" isGetter="false" isSetter="false">
              <Summary numSequencePoints="3" visitedSequencePoints="3" numBranchPoints="0" visitedBranchPoints="0" sequenceCoverage="100.0" branchCoverage="0" maxCyclomaticComplexity="1" minCyclomaticComplexity="1" maxCrapScore="1" minCrapScore="1" visitedClasses="0" numClasses="0" visitedMethods="1" numMethods="1" />
              <MetadataToken>100663342</MetadataToken>
              <Name>System.String CityDefinition::GetBuildingsPath()</Name>
              <FileRef uid="6" />
              <SequencePoints>
                <SequencePoint vc="1" uspid="4439" ordinal="0" offset="0" sl="62" sc="5" el="62" ec="5" bec="0" bev="0" fileid="6" />
                <SequencePoint vc="1" uspid="4440" ordinal="0" offset="1" sl="63" sc="9" el="63" ec="9" bec="0" bev="0" fileid="6" />
                <SequencePoint vc="1" uspid="4441" ordinal="0" offset="31" sl="66" sc="5" el="66" ec="5" bec="0" bev="0" fileid="6" />
              </SequencePoints>
              <BranchPoints />
            </Method>
            <Method visited="true" cyclomaticComplexity="1" nPathComplexity="0" sequenceCoverage="100.0" branchCoverage="0" crapScore="1" isConstructor="false" isStatic="false" isGetter="false" isSetter="false">
              <Summary numSequencePoints="3" visitedSequencePoints="3" numBranchPoints="0" visitedBranchPoints="0" sequenceCoverage="100.0" branchCoverage="0" maxCyclomaticComplexity="1" minCyclomaticComplexity="1" maxCrapScore="1" minCrapScore="1" visitedClasses="0" numClasses="0" visitedMethods="1" numMethods="1" />
              <MetadataToken>100663343</MetadataToken>
              <Name>System.Boolean CityDefinition::IsRainySeason()</Name>
              <FileRef uid="6" />
              <SequencePoints>
                <SequencePoint vc="7" uspid="4442" ordinal="0" offset="0" sl="69" sc="5" el="69" ec="5" bec="0" bev="0" fileid="6" />
                <SequencePoint vc="7" uspid="4443" ordinal="0" offset="1" sl="70" sc="9" el="70" ec="9" bec="0" bev="0" fileid="6" />
                <SequencePoint vc="7" uspid="4444" ordinal="0" offset="28" sl="71" sc="5" el="71" ec="5" bec="0" bev="0" fileid="6" />
              </SequencePoints>
              <BranchPoints />
            </Method>
            <Method visited="true" cyclomaticComplexity="1" nPathComplexity="0" sequenceCoverage="100.0" branchCoverage="0" crapScore="1" isConstructor="false" isStatic="false" isGetter="false" isSetter="false">
              <Summary numSequencePoints="3" visitedSequencePoints="3" numBranchPoints="0" visitedBranchPoints="0" sequenceCoverage="100.0" branchCoverage="0" maxCyclomaticComplexity="1" minCyclomaticComplexity="1" maxCrapScore="1" minCrapScore="1" visitedClasses="0" numClasses="0" visitedMethods="1" numMethods="1" />
              <MetadataToken>100663344</MetadataToken>
              <Name>System.Boolean CityDefinition::IsSnowSeason()</Name>
              <FileRef uid="6" />
              <SequencePoints>
                <SequencePoint vc="10" uspid="4445" ordinal="0" offset="0" sl="74" sc="5" el="74" ec="5" bec="0" bev="0" fileid="6" />
                <SequencePoint vc="10" uspid="4446" ordinal="0" offset="1" sl="75" sc="9" el="75" ec="9" bec="0" bev="0" fileid="6" />
                <SequencePoint vc="10" uspid="4447" ordinal="0" offset="28" sl="76" sc="5" el="76" ec="5" bec="0" bev="0" fileid="6" />
              </SequencePoints>
              <BranchPoints />
            </Method>
            <Method visited="true" cyclomaticComplexity="5" nPathComplexity="0" sequenceCoverage="100.0" branchCoverage="0" crapScore="5" isConstructor="false" isStatic="true" isGetter="false" isSetter="false">
              <Summary numSequencePoints="12" visitedSequencePoints="12" numBranchPoints="0" visitedBranchPoints="0" sequenceCoverage="100.0" branchCoverage="0" maxCyclomaticComplexity="5" minCyclomaticComplexity="5" maxCrapScore="5" minCrapScore="5" visitedClasses="0" numClasses="0" visitedMethods="1" numMethods="1" />
              <MetadataToken>100663345</MetadataToken>
              <Name>static System.Boolean CityDefinition::IsMonthInSeason(System.Int32, System.Int32[])</Name>
              <FileRef uid="6" />
              <SequencePoints>
                <SequencePoint vc="17" uspid="4448" ordinal="0" offset="0" sl="79" sc="5" el="79" ec="5" bec="0" bev="0" fileid="6" />
                <SequencePoint vc="17" uspid="4449" ordinal="0" offset="1" sl="80" sc="9" el="80" ec="9" bec="0" bev="0" fileid="6" />
                <SequencePoint vc="2" uspid="4450" ordinal="0" offset="16" sl="81" sc="13" el="81" ec="13" bec="0" bev="0" fileid="6" />
                <SequencePoint vc="15" uspid="4451" ordinal="0" offset="20" sl="83" sc="14" el="83" ec="14" bec="0" bev="0" fileid="6" />
                <SequencePoint vc="15" uspid="4452" ordinal="0" offset="24" sl="84" sc="9" el="84" ec="9" bec="0" bev="0" fileid="6" />
                <SequencePoint vc="15" uspid="4453" ordinal="0" offset="25" sl="85" sc="13" el="85" ec="13" bec="0" bev="0" fileid="6" />
                <SequencePoint vc="6" uspid="4454" ordinal="0" offset="35" sl="86" sc="17" el="86" ec="17" bec="0" bev="0" fileid="6" />
                <SequencePoint vc="9" uspid="4455" ordinal="0" offset="39" sl="87" sc="9" el="87" ec="9" bec="0" bev="0" fileid="6" />
                <SequencePoint vc="9" uspid="4456" ordinal="0" offset="40" sl="83" sc="50" el="83" ec="50" bec="0" bev="0" fileid="6" />
                <SequencePoint vc="24" uspid="4457" ordinal="0" offset="44" sl="83" sc="25" el="83" ec="25" bec="0" bev="0" fileid="6" />
                <SequencePoint vc="9" uspid="4458" ordinal="0" offset="56" sl="89" sc="9" el="89" ec="9" bec="0" bev="0" fileid="6" />
                <SequencePoint vc="17" uspid="4459" ordinal="0" offset="60" sl="90" sc="5" el="90" ec="5" bec="0" bev="0" fileid="6" />
              </SequencePoints>
              <BranchPoints />
            </Method>
            <Method visited="true" cyclomaticComplexity="1" nPathComplexity="0" sequenceCoverage="100.0" branchCoverage="0" crapScore="1" isConstructor="true" isStatic="false" isGetter="false" isSetter="false">
              <Summary numSequencePoints="20" visitedSequencePoints="20" numBranchPoints="0" visitedBranchPoints="0" sequenceCoverage="100.0" branchCoverage="0" maxCyclomaticComplexity="1" minCyclomaticComplexity="1" maxCrapScore="1" minCrapScore="1" visitedClasses="0" numClasses="0" visitedMethods="1" numMethods="1" />
              <MetadataToken>100663346</MetadataToken>
              <Name>CityDefinition::CityDefinition()</Name>
              <FileRef uid="6" />
              <SequencePoints>
                <SequencePoint vc="14" uspid="4460" ordinal="0" offset="0" sl="18" sc="5" el="18" ec="5" bec="0" bev="0" fileid="6" />
                <SequencePoint vc="14" uspid="4461" ordinal="0" offset="11" sl="19" sc="5" el="19" ec="5" bec="0" bev="0" fileid="6" />
                <SequencePoint vc="14" uspid="4462" ordinal="0" offset="22" sl="20" sc="5" el="20" ec="5" bec="0" bev="0" fileid="6" />
                <SequencePoint vc="14" uspid="4463" ordinal="0" offset="33" sl="21" sc="5" el="21" ec="5" bec="0" bev="0" fileid="6" />
                <SequencePoint vc="14" uspid="4464" ordinal="0" offset="40" sl="22" sc="5" el="22" ec="5" bec="0" bev="0" fileid="6" />
                <SequencePoint vc="14" uspid="4465" ordinal="0" offset="51" sl="23" sc="5" el="23" ec="5" bec="0" bev="0" fileid="6" />
                <SequencePoint vc="14" uspid="4466" ordinal="0" offset="58" sl="26" sc="5" el="26" ec="5" bec="0" bev="0" fileid="6" />
                <SequencePoint vc="14" uspid="4467" ordinal="0" offset="73" sl="27" sc="5" el="27" ec="5" bec="0" bev="0" fileid="6" />
                <SequencePoint vc="14" uspid="4468" ordinal="0" offset="88" sl="30" sc="5" el="30" ec="5" bec="0" bev="0" fileid="6" />
                <SequencePoint vc="14" uspid="4469" ordinal="0" offset="103" sl="31" sc="5" el="31" ec="5" bec="0" bev="0" fileid="6" />
                <SequencePoint vc="14" uspid="4470" ordinal="0" offset="118" sl="32" sc="5" el="32" ec="5" bec="0" bev="0" fileid="6" />
                <SequencePoint vc="14" uspid="4471" ordinal="0" offset="133" sl="33" sc="5" el="33" ec="5" bec="0" bev="0" fileid="6" />
                <SequencePoint vc="14" uspid="4472" ordinal="0" offset="148" sl="36" sc="5" el="36" ec="5" bec="0" bev="0" fileid="6" />
                <SequencePoint vc="14" uspid="4473" ordinal="0" offset="159" sl="37" sc="5" el="37" ec="5" bec="0" bev="0" fileid="6" />
                <SequencePoint vc="14" uspid="4474" ordinal="0" offset="170" sl="43" sc="5" el="43" ec="5" bec="0" bev="0" fileid="6" />
                <SequencePoint vc="14" uspid="4475" ordinal="0" offset="185" sl="44" sc="5" el="44" ec="5" bec="0" bev="0" fileid="6" />
                <SequencePoint vc="14" uspid="4476" ordinal="0" offset="200" sl="47" sc="5" el="47" ec="5" bec="0" bev="0" fileid="6" />
                <SequencePoint vc="14" uspid="4477" ordinal="0" offset="207" sl="48" sc="5" el="48" ec="5" bec="0" bev="0" fileid="6" />
                <SequencePoint vc="14" uspid="4478" ordinal="0" offset="218" sl="51" sc="5" el="51" ec="5" bec="0" bev="0" fileid="6" />
                <SequencePoint vc="14" uspid="4479" ordinal="0" offset="241" sl="52" sc="5" el="52" ec="5" bec="0" bev="0" fileid="6" />
              </SequencePoints>
              <BranchPoints />
            </Method>
          </Methods>
        </Class>
        <Class>
          <Summary numSequencePoints="15" visitedSequencePoints="14" numBranchPoints="0" visitedBranchPoints="0" sequenceCoverage="93.33" branchCoverage="0.0" maxCyclomaticComplexity="5" minCyclomaticComplexity="4" maxCrapScore="5.01" minCrapScore="4" visitedClasses="1" numClasses="1" visitedMethods="2" numMethods="2" />
          <FullName>CityManager</FullName>
          <Methods>
            <Method visited="true" cyclomaticComplexity="4" nPathComplexity="0" sequenceCoverage="100.0" branchCoverage="0" crapScore="4" isConstructor="false" isStatic="false" isGetter="false" isSetter="false">
              <Summary numSequencePoints="3" visitedSequencePoints="3" numBranchPoints="0" visitedBranchPoints="0" sequenceCoverage="100.0" branchCoverage="0" maxCyclomaticComplexity="4" minCyclomaticComplexity="4" maxCrapScore="4" minCrapScore="4" visitedClasses="0" numClasses="0" visitedMethods="1" numMethods="1" />
              <MetadataToken>100663353</MetadataToken>
              <Name>CityDefinition[] CityManager::GetCitiesForCountry(CountryDefinition)</Name>
              <FileRef uid="7" />
              <SequencePoints>
                <SequencePoint vc="2" uspid="4507" ordinal="0" offset="0" sl="51" sc="5" el="51" ec="5" bec="0" bev="0" fileid="7" />
                <SequencePoint vc="2" uspid="4508" ordinal="0" offset="1" sl="52" sc="9" el="52" ec="9" bec="0" bev="0" fileid="7" />
                <SequencePoint vc="2" uspid="4509" ordinal="0" offset="26" sl="53" sc="5" el="53" ec="5" bec="0" bev="0" fileid="7" />
              </SequencePoints>
              <BranchPoints />
            </Method>
            <Method visited="true" cyclomaticComplexity="5" nPathComplexity="0" sequenceCoverage="91.67" branchCoverage="0" crapScore="5.01" isConstructor="false" isStatic="false" isGetter="false" isSetter="false">
              <Summary numSequencePoints="12" visitedSequencePoints="11" numBranchPoints="0" visitedBranchPoints="0" sequenceCoverage="91.67" branchCoverage="0" maxCyclomaticComplexity="5" minCyclomaticComplexity="5" maxCrapScore="5.01" minCrapScore="5.01" visitedClasses="0" numClasses="0" visitedMethods="1" numMethods="1" />
              <MetadataToken>100663354</MetadataToken>
              <Name>CountryDefinition[] CityManager::GetCountriesByContinent(System.String)</Name>
              <FileRef uid="7" />
              <SequencePoints>
                <SequencePoint vc="2" uspid="4510" ordinal="0" offset="0" sl="56" sc="5" el="56" ec="5" bec="0" bev="0" fileid="7" />
                <SequencePoint vc="2" uspid="4511" ordinal="0" offset="1" sl="57" sc="9" el="57" ec="9" bec="0" bev="0" fileid="7" />
                <SequencePoint vc="0" uspid="4512" ordinal="0" offset="14" sl="57" sc="35" el="57" ec="35" bec="0" bev="0" fileid="7" />
                <SequencePoint vc="2" uspid="4513" ordinal="0" offset="23" sl="58" sc="9" el="58" ec="9" bec="0" bev="0" fileid="7" />
                <SequencePoint vc="2" uspid="4514" ordinal="0" offset="29" sl="59" sc="9" el="59" ec="9" bec="0" bev="0" fileid="7" />
                <SequencePoint vc="2" uspid="4515" ordinal="0" offset="30" sl="59" sc="27" el="59" ec="27" bec="0" bev="0" fileid="7" />
                <SequencePoint vc="8" uspid="4516" ordinal="0" offset="42" sl="59" sc="18" el="59" ec="18" bec="0" bev="0" fileid="7" />
                <SequencePoint vc="8" uspid="4517" ordinal="0" offset="48" sl="60" sc="13" el="60" ec="13" bec="0" bev="0" fileid="7" />
                <SequencePoint vc="2" uspid="4518" ordinal="0" offset="80" sl="61" sc="17" el="61" ec="17" bec="0" bev="0" fileid="7" />
                <SequencePoint vc="10" uspid="4519" ordinal="0" offset="95" sl="59" sc="24" el="59" ec="24" bec="0" bev="0" fileid="7" />
                <SequencePoint vc="2" uspid="4520" ordinal="0" offset="102" sl="62" sc="9" el="62" ec="9" bec="0" bev="0" fileid="7" />
                <SequencePoint vc="2" uspid="4521" ordinal="0" offset="111" sl="63" sc="5" el="63" ec="5" bec="0" bev="0" fileid="7" />
              </SequencePoints>
              <BranchPoints />
            </Method>
          </Methods>
        </Class>
        <Class>
          <Summary numSequencePoints="15" visitedSequencePoints="15" numBranchPoints="0" visitedBranchPoints="0" sequenceCoverage="100.0" branchCoverage="0.0" maxCyclomaticComplexity="1" minCyclomaticComplexity="1" maxCrapScore="1" minCrapScore="1" visitedClasses="1" numClasses="1" visitedMethods="3" numMethods="3" />
          <FullName>GameState</FullName>
          <Methods>
            <Method visited="true" cyclomaticComplexity="1" nPathComplexity="0" sequenceCoverage="100.0" branchCoverage="0" crapScore="1" isConstructor="false" isStatic="false" isGetter="false" isSetter="false">
              <Summary numSequencePoints="6" visitedSequencePoints="6" numBranchPoints="0" visitedBranchPoints="0" sequenceCoverage="100.0" branchCoverage="0" maxCyclomaticComplexity="1" minCyclomaticComplexity="1" maxCrapScore="1" minCrapScore="1" visitedClasses="0" numClasses="0" visitedMethods="1" numMethods="1" />
              <MetadataToken>100663360</MetadataToken>
              <Name>System.Void GameState::SelectCountry(CountryDefinition)</Name>
              <FileRef uid="8" />
              <SequencePoints>
                <SequencePoint vc="1" uspid="4532" ordinal="0" offset="0" sl="20" sc="5" el="20" ec="5" bec="0" bev="0" fileid="8" />
                <SequencePoint vc="1" uspid="4533" ordinal="0" offset="1" sl="21" sc="9" el="21" ec="9" bec="0" bev="0" fileid="8" />
                <SequencePoint vc="1" uspid="4534" ordinal="0" offset="8" sl="22" sc="9" el="22" ec="9" bec="0" bev="0" fileid="8" />
                <SequencePoint vc="1" uspid="4535" ordinal="0" offset="15" sl="23" sc="9" el="23" ec="9" bec="0" bev="0" fileid="8" />
                <SequencePoint vc="1" uspid="4536" ordinal="0" offset="22" sl="24" sc="9" el="24" ec="9" bec="0" bev="0" fileid="8" />
                <SequencePoint vc="1" uspid="4537" ordinal="0" offset="44" sl="25" sc="5" el="25" ec="5" bec="0" bev="0" fileid="8" />
              </SequencePoints>
              <BranchPoints />
            </Method>
            <Method visited="true" cyclomaticComplexity="1" nPathComplexity="0" sequenceCoverage="100.0" branchCoverage="0" crapScore="1" isConstructor="false" isStatic="false" isGetter="false" isSetter="false">
              <Summary numSequencePoints="5" visitedSequencePoints="5" numBranchPoints="0" visitedBranchPoints="0" sequenceCoverage="100.0" branchCoverage="0" maxCyclomaticComplexity="1" minCyclomaticComplexity="1" maxCrapScore="1" minCrapScore="1" visitedClasses="0" numClasses="0" visitedMethods="1" numMethods="1" />
              <MetadataToken>100663361</MetadataToken>
              <Name>System.Void GameState::SelectCity(CityDefinition)</Name>
              <FileRef uid="8" />
              <SequencePoints>
                <SequencePoint vc="1" uspid="4538" ordinal="0" offset="0" sl="28" sc="5" el="28" ec="5" bec="0" bev="0" fileid="8" />
                <SequencePoint vc="1" uspid="4539" ordinal="0" offset="1" sl="29" sc="9" el="29" ec="9" bec="0" bev="0" fileid="8" />
                <SequencePoint vc="1" uspid="4540" ordinal="0" offset="8" sl="30" sc="9" el="30" ec="9" bec="0" bev="0" fileid="8" />
                <SequencePoint vc="1" uspid="4541" ordinal="0" offset="15" sl="31" sc="9" el="31" ec="9" bec="0" bev="0" fileid="8" />
                <SequencePoint vc="1" uspid="4542" ordinal="0" offset="37" sl="32" sc="5" el="32" ec="5" bec="0" bev="0" fileid="8" />
              </SequencePoints>
              <BranchPoints />
            </Method>
            <Method visited="true" cyclomaticComplexity="1" nPathComplexity="0" sequenceCoverage="100.0" branchCoverage="0" crapScore="1" isConstructor="false" isStatic="false" isGetter="false" isSetter="false">
              <Summary numSequencePoints="4" visitedSequencePoints="4" numBranchPoints="0" visitedBranchPoints="0" sequenceCoverage="100.0" branchCoverage="0" maxCyclomaticComplexity="1" minCyclomaticComplexity="1" maxCrapScore="1" minCrapScore="1" visitedClasses="0" numClasses="0" visitedMethods="1" numMethods="1" />
              <MetadataToken>100663362</MetadataToken>
              <Name>System.Void GameState::SelectRoute(BusRoute)</Name>
              <FileRef uid="8" />
              <SequencePoints>
                <SequencePoint vc="1" uspid="4543" ordinal="0" offset="0" sl="35" sc="5" el="35" ec="5" bec="0" bev="0" fileid="8" />
                <SequencePoint vc="1" uspid="4544" ordinal="0" offset="1" sl="36" sc="9" el="36" ec="9" bec="0" bev="0" fileid="8" />
                <SequencePoint vc="1" uspid="4545" ordinal="0" offset="8" sl="37" sc="9" el="37" ec="9" bec="0" bev="0" fileid="8" />
                <SequencePoint vc="1" uspid="4546" ordinal="0" offset="30" sl="38" sc="5" el="38" ec="5" bec="0" bev="0" fileid="8" />
              </SequencePoints>
              <BranchPoints />
            </Method>
          </Methods>
        </Class>
        <Class>
          <Summary numSequencePoints="3" visitedSequencePoints="3" numBranchPoints="0" visitedBranchPoints="0" sequenceCoverage="100.0" branchCoverage="0.0" maxCyclomaticComplexity="1" minCyclomaticComplexity="1" maxCrapScore="1" minCrapScore="1" visitedClasses="1" numClasses="1" visitedMethods="1" numMethods="1" />
          <FullName>BusRoute</FullName>
          <Methods>
            <Method visited="true" cyclomaticComplexity="1" nPathComplexity="0" sequenceCoverage="100.0" branchCoverage="0" crapScore="1" isConstructor="true" isStatic="false" isGetter="false" isSetter="false">
              <Summary numSequencePoints="3" visitedSequencePoints="3" numBranchPoints="0" visitedBranchPoints="0" sequenceCoverage="100.0" branchCoverage="0" maxCyclomaticComplexity="1" minCyclomaticComplexity="1" maxCrapScore="1" minCrapScore="1" visitedClasses="0" numClasses="0" visitedMethods="1" numMethods="1" />
              <MetadataToken>100663364</MetadataToken>
              <Name>BusRoute::BusRoute()</Name>
              <FileRef uid="9" />
              <SequencePoints>
                <SequencePoint vc="8" uspid="4547" ordinal="0" offset="0" sl="7" sc="5" el="7" ec="5" bec="0" bev="0" fileid="9" />
                <SequencePoint vc="8" uspid="4548" ordinal="0" offset="11" sl="8" sc="5" el="8" ec="5" bec="0" bev="0" fileid="9" />
                <SequencePoint vc="8" uspid="4549" ordinal="0" offset="22" sl="9" sc="5" el="9" ec="5" bec="0" bev="0" fileid="9" />
              </SequencePoints>
              <BranchPoints />
            </Method>
          </Methods>
        </Class>
        <Class>
          <Summary numSequencePoints="1" visitedSequencePoints="1" numBranchPoints="0" visitedBranchPoints="0" sequenceCoverage="100.0" branchCoverage="0.0" maxCyclomaticComplexity="1" minCyclomaticComplexity="1" maxCrapScore="1" minCrapScore="1" visitedClasses="1" numClasses="1" visitedMethods="1" numMethods="1" />
          <FullName>BusStopData</FullName>
          <Methods>
            <Method visited="true" cyclomaticComplexity="1" nPathComplexity="0" sequenceCoverage="100.0" branchCoverage="0" crapScore="1" isConstructor="true" isStatic="false" isGetter="false" isSetter="false">
              <Summary numSequencePoints="1" visitedSequencePoints="1" numBranchPoints="0" visitedBranchPoints="0" sequenceCoverage="100.0" branchCoverage="0" maxCyclomaticComplexity="1" minCyclomaticComplexity="1" maxCrapScore="1" minCrapScore="1" visitedClasses="0" numClasses="0" visitedMethods="1" numMethods="1" />
              <MetadataToken>100663365</MetadataToken>
              <Name>BusStopData::BusStopData()</Name>
              <FileRef uid="9" />
              <SequencePoints>
                <SequencePoint vc="10" uspid="4550" ordinal="0" offset="0" sl="21" sc="5" el="21" ec="5" bec="0" bev="0" fileid="9" />
              </SequencePoints>
              <BranchPoints />
            </Method>
          </Methods>
        </Class>
        <Class>
          <Summary numSequencePoints="30" visitedSequencePoints="28" numBranchPoints="0" visitedBranchPoints="0" sequenceCoverage="93.33" branchCoverage="0.0" maxCyclomaticComplexity="3" minCyclomaticComplexity="1" maxCrapScore="3.33" minCrapScore="1" visitedClasses="1" numClasses="1" visitedMethods="6" numMethods="6" />
          <FullName>FreeDriveSession</FullName>
          <Methods>
            <Method visited="true" cyclomaticComplexity="1" nPathComplexity="0" sequenceCoverage="100.0" branchCoverage="0" crapScore="1" isConstructor="false" isStatic="true" isGetter="true" isSetter="false">
              <Summary numSequencePoints="1" visitedSequencePoints="1" numBranchPoints="0" visitedBranchPoints="0" sequenceCoverage="100.0" branchCoverage="0" maxCyclomaticComplexity="1" minCyclomaticComplexity="1" maxCrapScore="1" minCrapScore="1" visitedClasses="0" numClasses="0" visitedMethods="1" numMethods="1" />
              <MetadataToken>100663376</MetadataToken>
              <Name>static FreeDriveSession FreeDriveSession::get_Instance()</Name>
              <FileRef uid="12" />
              <SequencePoints>
                <SequencePoint vc="4" uspid="4595" ordinal="0" offset="0" sl="5" sc="47" el="5" ec="47" bec="0" bev="0" fileid="12" />
              </SequencePoints>
              <BranchPoints />
            </Method>
            <Method visited="true" cyclomaticComplexity="1" nPathComplexity="0" sequenceCoverage="100.0" branchCoverage="0" crapScore="1" isConstructor="false" isStatic="false" isGetter="false" isSetter="false">
              <Summary numSequencePoints="8" visitedSequencePoints="8" numBranchPoints="0" visitedBranchPoints="0" sequenceCoverage="100.0" branchCoverage="0" maxCyclomaticComplexity="1" minCyclomaticComplexity="1" maxCrapScore="1" minCrapScore="1" visitedClasses="0" numClasses="0" visitedMethods="1" numMethods="1" />
              <MetadataToken>100663381</MetadataToken>
              <Name>System.Void FreeDriveSession::StartSession()</Name>
              <FileRef uid="12" />
              <SequencePoints>
                <SequencePoint vc="1" uspid="4630" ordinal="0" offset="0" sl="64" sc="5" el="64" ec="5" bec="0" bev="0" fileid="12" />
                <SequencePoint vc="1" uspid="4631" ordinal="0" offset="1" sl="65" sc="9" el="65" ec="9" bec="0" bev="0" fileid="12" />
                <SequencePoint vc="1" uspid="4632" ordinal="0" offset="8" sl="66" sc="9" el="66" ec="9" bec="0" bev="0" fileid="12" />
                <SequencePoint vc="1" uspid="4633" ordinal="0" offset="19" sl="67" sc="9" el="67" ec="9" bec="0" bev="0" fileid="12" />
                <SequencePoint vc="1" uspid="4634" ordinal="0" offset="30" sl="68" sc="9" el="68" ec="9" bec="0" bev="0" fileid="12" />
                <SequencePoint vc="1" uspid="4635" ordinal="0" offset="42" sl="69" sc="9" el="69" ec="9" bec="0" bev="0" fileid="12" />
                <SequencePoint vc="1" uspid="4636" ordinal="0" offset="53" sl="70" sc="9" el="70" ec="9" bec="0" bev="0" fileid="12" />
                <SequencePoint vc="1" uspid="4637" ordinal="0" offset="64" sl="71" sc="5" el="71" ec="5" bec="0" bev="0" fileid="12" />
              </SequencePoints>
              <BranchPoints />
            </Method>
            <Method visited="true" cyclomaticComplexity="1" nPathComplexity="0" sequenceCoverage="100.0" branchCoverage="0" crapScore="1" isConstructor="false" isStatic="false" isGetter="false" isSetter="false">
              <Summary numSequencePoints="4" visitedSequencePoints="4" numBranchPoints="0" visitedBranchPoints="0" sequenceCoverage="100.0" branchCoverage="0" maxCyclomaticComplexity="1" minCyclomaticComplexity="1" maxCrapScore="1" minCrapScore="1" visitedClasses="0" numClasses="0" visitedMethods="1" numMethods="1" />
              <MetadataToken>100663382</MetadataToken>
              <Name>System.Void FreeDriveSession::EndSession()</Name>
              <FileRef uid="12" />
              <SequencePoints>
                <SequencePoint vc="1" uspid="4638" ordinal="0" offset="0" sl="74" sc="5" el="74" ec="5" bec="0" bev="0" fileid="12" />
                <SequencePoint vc="1" uspid="4639" ordinal="0" offset="1" sl="75" sc="9" el="75" ec="9" bec="0" bev="0" fileid="12" />
                <SequencePoint vc="1" uspid="4640" ordinal="0" offset="8" sl="76" sc="9" el="76" ec="9" bec="0" bev="0" fileid="12" />
                <SequencePoint vc="1" uspid="4641" ordinal="0" offset="46" sl="77" sc="5" el="77" ec="5" bec="0" bev="0" fileid="12" />
              </SequencePoints>
              <BranchPoints />
            </Method>
            <Method visited="true" cyclomaticComplexity="1" nPathComplexity="0" sequenceCoverage="100.0" branchCoverage="0" crapScore="1" isConstructor="false" isStatic="false" isGetter="false" isSetter="false">
              <Summary numSequencePoints="5" visitedSequencePoints="5" numBranchPoints="0" visitedBranchPoints="0" sequenceCoverage="100.0" branchCoverage="0" maxCyclomaticComplexity="1" minCyclomaticComplexity="1" maxCrapScore="1" minCrapScore="1" visitedClasses="0" numClasses="0" visitedMethods="1" numMethods="1" />
              <MetadataToken>100663383</MetadataToken>
              <Name>System.String FreeDriveSession::GetFormattedTime()</Name>
              <FileRef uid="12" />
              <SequencePoints>
                <SequencePoint vc="1" uspid="4642" ordinal="0" offset="0" sl="80" sc="5" el="80" ec="5" bec="0" bev="0" fileid="12" />
                <SequencePoint vc="1" uspid="4643" ordinal="0" offset="1" sl="81" sc="9" el="81" ec="9" bec="0" bev="0" fileid="12" />
                <SequencePoint vc="1" uspid="4644" ordinal="0" offset="19" sl="82" sc="9" el="82" ec="9" bec="0" bev="0" fileid="12" />
                <SequencePoint vc="1" uspid="4645" ordinal="0" offset="37" sl="83" sc="9" el="83" ec="9" bec="0" bev="0" fileid="12" />
                <SequencePoint vc="1" uspid="4646" ordinal="0" offset="62" sl="84" sc="5" el="84" ec="5" bec="0" bev="0" fileid="12" />
              </SequencePoints>
              <BranchPoints />
            </Method>
            <Method visited="true" cyclomaticComplexity="3" nPathComplexity="0" sequenceCoverage="66.67" branchCoverage="0" crapScore="3.33" isConstructor="false" isStatic="false" isGetter="false" isSetter="false">
              <Summary numSequencePoints="6" visitedSequencePoints="4" numBranchPoints="0" visitedBranchPoints="0" sequenceCoverage="66.67" branchCoverage="0" maxCyclomaticComplexity="3" minCyclomaticComplexity="3" maxCrapScore="3.33" minCrapScore="3.33" visitedClasses="0" numClasses="0" visitedMethods="1" numMethods="1" />
              <MetadataToken>100663384</MetadataToken>
              <Name>System.String FreeDriveSession::GetCurrentGPSString()</Name>
              <FileRef uid="12" />
              <SequencePoints>
                <SequencePoint vc="1" uspid="4647" ordinal="0" offset="0" sl="87" sc="5" el="87" ec="5" bec="0" bev="0" fileid="12" />
                <SequencePoint vc="1" uspid="4648" ordinal="0" offset="1" sl="88" sc="9" el="88" ec="9" bec="0" bev="0" fileid="12" />
                <SequencePoint vc="1" uspid="4649" ordinal="0" offset="33" sl="88" sc="67" el="88" ec="67" bec="0" bev="0" fileid="12" />
                <SequencePoint vc="0" uspid="4650" ordinal="0" offset="41" sl="89" sc="9" el="89" ec="9" bec="0" bev="0" fileid="12" />
                <SequencePoint vc="0" uspid="4651" ordinal="0" offset="80" sl="90" sc="9" el="90" ec="9" bec="0" bev="0" fileid="12" />
                <SequencePoint vc="1" uspid="4652" ordinal="0" offset="105" sl="91" sc="5" el="91" ec="5" bec="0" bev="0" fileid="12" />
              </SequencePoints>
              <BranchPoints />
            </Method>
            <Method visited="true" cyclomaticComplexity="1" nPathComplexity="0" sequenceCoverage="100.0" branchCoverage="0" crapScore="1" isConstructor="true" isStatic="false" isGetter="false" isSetter="false">
              <Summary numSequencePoints="6" visitedSequencePoints="6" numBranchPoints="0" visitedBranchPoints="0" sequenceCoverage="100.0" branchCoverage="0" maxCyclomaticComplexity="1" minCyclomaticComplexity="1" maxCrapScore="1" minCrapScore="1" visitedClasses="0" numClasses="0" visitedMethods="1" numMethods="1" />
              <MetadataToken>100663385</MetadataToken>
              <Name>FreeDriveSession::FreeDriveSession()</Name>
              <FileRef uid="12" />
              <SequencePoints>
                <SequencePoint vc="4" uspid="4653" ordinal="0" offset="0" sl="8" sc="5" el="8" ec="5" bec="0" bev="0" fileid="12" />
                <SequencePoint vc="4" uspid="4654" ordinal="0" offset="7" sl="9" sc="5" el="9" ec="5" bec="0" bev="0" fileid="12" />
                <SequencePoint vc="4" uspid="4655" ordinal="0" offset="18" sl="10" sc="5" el="10" ec="5" bec="0" bev="0" fileid="12" />
                <SequencePoint vc="4" uspid="4656" ordinal="0" offset="29" sl="11" sc="5" el="11" ec="5" bec="0" bev="0" fileid="12" />
                <SequencePoint vc="4" uspid="4657" ordinal="0" offset="40" sl="14" sc="5" el="14" ec="5" bec="0" bev="0" fileid="12" />
                <SequencePoint vc="4" uspid="4658" ordinal="0" offset="51" sl="15" sc="5" el="15" ec="5" bec="0" bev="0" fileid="12" />
              </SequencePoints>
              <BranchPoints />
            </Method>
          </Methods>
        </Class>
        <Class>
          <Summary numSequencePoints="9" visitedSequencePoints="9" numBranchPoints="0" visitedBranchPoints="0" sequenceCoverage="100.0" branchCoverage="0.0" maxCyclomaticComplexity="1" minCyclomaticComplexity="1" maxCrapScore="1" minCrapScore="1" visitedClasses="1" numClasses="1" visitedMethods="1" numMethods="1" />
          <FullName>MissionData</FullName>
          <Methods>
            <Method visited="true" cyclomaticComplexity="1" nPathComplexity="0" sequenceCoverage="100.0" branchCoverage="0" crapScore="1" isConstructor="true" isStatic="false" isGetter="false" isSetter="false">
              <Summary numSequencePoints="9" visitedSequencePoints="9" numBranchPoints="0" visitedBranchPoints="0" sequenceCoverage="100.0" branchCoverage="0" maxCyclomaticComplexity="1" minCyclomaticComplexity="1" maxCrapScore="1" minCrapScore="1" visitedClasses="0" numClasses="0" visitedMethods="1" numMethods="1" />
              <MetadataToken>100663404</MetadataToken>
              <Name>MissionData::MissionData()</Name>
              <FileRef uid="15" />
              <SequencePoints>
                <SequencePoint vc="1" uspid="4758" ordinal="0" offset="0" sl="10" sc="5" el="10" ec="5" bec="0" bev="0" fileid="15" />
                <SequencePoint vc="1" uspid="4759" ordinal="0" offset="11" sl="11" sc="5" el="11" ec="5" bec="0" bev="0" fileid="15" />
                <SequencePoint vc="1" uspid="4760" ordinal="0" offset="22" sl="14" sc="5" el="14" ec="5" bec="0" bev="0" fileid="15" />
                <SequencePoint vc="1" uspid="4761" ordinal="0" offset="30" sl="15" sc="5" el="15" ec="5" bec="0" bev="0" fileid="15" />
                <SequencePoint vc="1" uspid="4762" ordinal="0" offset="41" sl="18" sc="5" el="18" ec="5" bec="0" bev="0" fileid="15" />
                <SequencePoint vc="1" uspid="4763" ordinal="0" offset="52" sl="19" sc="5" el="19" ec="5" bec="0" bev="0" fileid="15" />
                <SequencePoint vc="1" uspid="4764" ordinal="0" offset="63" sl="22" sc="5" el="22" ec="5" bec="0" bev="0" fileid="15" />
                <SequencePoint vc="1" uspid="4765" ordinal="0" offset="74" sl="23" sc="5" el="23" ec="5" bec="0" bev="0" fileid="15" />
                <SequencePoint vc="1" uspid="4766" ordinal="0" offset="85" sl="24" sc="5" el="24" ec="5" bec="0" bev="0" fileid="15" />
              </SequencePoints>
              <BranchPoints />
            </Method>
          </Methods>
        </Class>
        <Class>
          <Summary numSequencePoints="16" visitedSequencePoints="16" numBranchPoints="0" visitedBranchPoints="0" sequenceCoverage="100.0" branchCoverage="0.0" maxCyclomaticComplexity="23" minCyclomaticComplexity="23" maxCrapScore="23" minCrapScore="23" visitedClasses="1" numClasses="1" visitedMethods="1" numMethods="1" />
          <FullName>MissionResult</FullName>
          <Methods>
            <Method visited="true" cyclomaticComplexity="23" nPathComplexity="0" sequenceCoverage="100.0" branchCoverage="0" crapScore="23" isConstructor="false" isStatic="true" isGetter="false" isSetter="false">
              <Summary numSequencePoints="16" visitedSequencePoints="16" numBranchPoints="0" visitedBranchPoints="0" sequenceCoverage="100.0" branchCoverage="0" maxCyclomaticComplexity="23" minCyclomaticComplexity="23" maxCrapScore="23" minCrapScore="23" visitedClasses="0" numClasses="0" visitedMethods="1" numMethods="1" />
              <MetadataToken>100663419</MetadataToken>
              <Name>static MissionResult MissionResult::Generate(BusRoute)</Name>
              <FileRef uid="17" />
              <SequencePoints>
                <SequencePoint vc="2" uspid="4827" ordinal="0" offset="0" sl="25" sc="5" el="25" ec="5" bec="0" bev="0" fileid="17" />
                <SequencePoint vc="2" uspid="4828" ordinal="0" offset="1" sl="26" sc="9" el="26" ec="9" bec="0" bev="0" fileid="17" />
                <SequencePoint vc="2" uspid="4829" ordinal="0" offset="7" sl="28" sc="9" el="28" ec="9" bec="0" bev="0" fileid="17" />
                <SequencePoint vc="2" uspid="4830" ordinal="0" offset="35" sl="29" sc="9" el="29" ec="9" bec="0" bev="0" fileid="17" />
                <SequencePoint vc="2" uspid="4831" ordinal="0" offset="71" sl="30" sc="9" el="30" ec="9" bec="0" bev="0" fileid="17" />
                <SequencePoint vc="2" uspid="4832" ordinal="0" offset="103" sl="32" sc="9" el="32" ec="9" bec="0" bev="0" fileid="17" />
                <SequencePoint vc="2" uspid="4833" ordinal="0" offset="130" sl="33" sc="9" el="33" ec="9" bec="0" bev="0" fileid="17" />
                <SequencePoint vc="2" uspid="4834" ordinal="0" offset="157" sl="34" sc="9" el="34" ec="9" bec="0" bev="0" fileid="17" />
                <SequencePoint vc="2" uspid="4835" ordinal="0" offset="184" sl="35" sc="9" el="35" ec="9" bec="0" bev="0" fileid="17" />
                <SequencePoint vc="2" uspid="4836" ordinal="0" offset="211" sl="37" sc="9" el="37" ec="9" bec="0" bev="0" fileid="17" />
                <SequencePoint vc="2" uspid="4837" ordinal="0" offset="234" sl="38" sc="9" el="38" ec="9" bec="0" bev="0" fileid="17" />
                <SequencePoint vc="2" uspid="4838" ordinal="0" offset="271" sl="41" sc="9" el="41" ec="9" bec="0" bev="0" fileid="17" />
                <SequencePoint vc="2" uspid="4839" ordinal="0" offset="298" sl="42" sc="9" el="42" ec="9" bec="0" bev="0" fileid="17" />
                <SequencePoint vc="2" uspid="4840" ordinal="0" offset="331" sl="45" sc="9" el="45" ec="9" bec="0" bev="0" fileid="17" />
                <SequencePoint vc="2" uspid="4841" ordinal="0" offset="374" sl="48" sc="9" el="48" ec="9" bec="0" bev="0" fileid="17" />
                <SequencePoint vc="2" uspid="4842" ordinal="0" offset="378" sl="49" sc="5" el="49" ec="5" bec="0" bev="0" fileid="17" />
              </SequencePoints>
              <BranchPoints />
            </Method>
          </Methods>
        </Class>
        <Class>
          <Summary numSequencePoints="34" visitedSequencePoints="34" numBranchPoints="0" visitedBranchPoints="0" sequenceCoverage="100.0" branchCoverage="0.0" maxCyclomaticComplexity="5" minCyclomaticComplexity="1" maxCrapScore="5" minCrapScore="1" visitedClasses="1" numClasses="1" visitedMethods="4" numMethods="4" />
          <FullName>ScheduleManager</FullName>
          <Methods>
            <Method visited="true" cyclomaticComplexity="2" nPathComplexity="0" sequenceCoverage="100.0" branchCoverage="0" crapScore="2" isConstructor="false" isStatic="false" isGetter="false" isSetter="false">
              <Summary numSequencePoints="10" visitedSequencePoints="10" numBranchPoints="0" visitedBranchPoints="0" sequenceCoverage="100.0" branchCoverage="0" maxCyclomaticComplexity="2" minCyclomaticComplexity="2" maxCrapScore="2" minCrapScore="2" visitedClasses="0" numClasses="0" visitedMethods="1" numMethods="1" />
              <MetadataToken>100663429</MetadataToken>
              <Name>System.Void ScheduleManager::SetupSchedule(BusRoute, System.Single, System.Single)</Name>
              <FileRef uid="19" />
              <SequencePoints>
                <SequencePoint vc="3" uspid="4883" ordinal="0" offset="0" sl="49" sc="5" el="49" ec="5" bec="0" bev="0" fileid="19" />
                <SequencePoint vc="3" uspid="4884" ordinal="0" offset="1" sl="50" sc="9" el="50" ec="9" bec="0" bev="0" fileid="19" />
                <SequencePoint vc="3" uspid="4885" ordinal="0" offset="13" sl="51" sc="9" el="51" ec="9" bec="0" bev="0" fileid="19" />
                <SequencePoint vc="3" uspid="4886" ordinal="0" offset="25" sl="53" sc="9" el="53" ec="9" bec="0" bev="0" fileid="19" />
                <SequencePoint vc="3" uspid="4887" ordinal="0" offset="39" sl="54" sc="14" el="54" ec="14" bec="0" bev="0" fileid="19" />
                <SequencePoint vc="9" uspid="4888" ordinal="0" offset="43" sl="55" sc="13" el="55" ec="13" bec="0" bev="0" fileid="19" />
                <SequencePoint vc="9" uspid="4889" ordinal="0" offset="62" sl="54" sc="49" el="54" ec="49" bec="0" bev="0" fileid="19" />
                <SequencePoint vc="12" uspid="4890" ordinal="0" offset="66" sl="54" sc="25" el="54" ec="25" bec="0" bev="0" fileid="19" />
                <SequencePoint vc="3" uspid="4891" ordinal="0" offset="81" sl="57" sc="9" el="57" ec="9" bec="0" bev="0" fileid="19" />
                <SequencePoint vc="3" uspid="4892" ordinal="0" offset="116" sl="58" sc="5" el="58" ec="5" bec="0" bev="0" fileid="19" />
              </SequencePoints>
              <BranchPoints />
            </Method>
            <Method visited="true" cyclomaticComplexity="5" nPathComplexity="0" sequenceCoverage="100.0" branchCoverage="0" crapScore="5" isConstructor="false" isStatic="false" isGetter="false" isSetter="false">
              <Summary numSequencePoints="15" visitedSequencePoints="15" numBranchPoints="0" visitedBranchPoints="0" sequenceCoverage="100.0" branchCoverage="0" maxCyclomaticComplexity="5" minCyclomaticComplexity="5" maxCrapScore="5" minCrapScore="5" visitedClasses="0" numClasses="0" visitedMethods="1" numMethods="1" />
              <MetadataToken>100663430</MetadataToken>
              <Name>PunctualityStatus ScheduleManager::RecordArrival(System.Int32)</Name>
              <FileRef uid="19" />
              <SequencePoints>
                <SequencePoint vc="5" uspid="4893" ordinal="0" offset="0" sl="64" sc="5" el="64" ec="5" bec="0" bev="0" fileid="19" />
                <SequencePoint vc="5" uspid="4894" ordinal="0" offset="1" sl="65" sc="9" el="65" ec="9" bec="0" bev="0" fileid="19" />
                <SequencePoint vc="5" uspid="4895" ordinal="0" offset="20" sl="67" sc="9" el="67" ec="9" bec="0" bev="0" fileid="19" />
                <SequencePoint vc="1" uspid="4896" ordinal="0" offset="39" sl="68" sc="13" el="68" ec="13" bec="0" bev="0" fileid="19" />
                <SequencePoint vc="4" uspid="4897" ordinal="0" offset="43" sl="70" sc="9" el="70" ec="9" bec="0" bev="0" fileid="19" />
                <SequencePoint vc="4" uspid="4898" ordinal="0" offset="69" sl="73" sc="9" el="73" ec="9" bec="0" bev="0" fileid="19" />
                <SequencePoint vc="1" uspid="4899" ordinal="0" offset="83" sl="73" sc="25" el="73" ec="25" bec="0" bev="0" fileid="19" />
                <SequencePoint vc="3" uspid="4900" ordinal="0" offset="87" sl="74" sc="14" el="74" ec="14" bec="0" bev="0" fileid="19" />
                <SequencePoint vc="1" uspid="4901" ordinal="0" offset="104" sl="74" sc="30" el="74" ec="30" bec="0" bev="0" fileid="19" />
                <SequencePoint vc="2" uspid="4902" ordinal="0" offset="108" sl="75" sc="14" el="75" ec="14" bec="0" bev="0" fileid="19" />
                <SequencePoint vc="1" uspid="4903" ordinal="0" offset="125" sl="75" sc="30" el="75" ec="30" bec="0" bev="0" fileid="19" />
                <SequencePoint vc="1" uspid="4904" ordinal="0" offset="129" sl="76" sc="14" el="76" ec="14" bec="0" bev="0" fileid="19" />
                <SequencePoint vc="4" uspid="4905" ordinal="0" offset="131" sl="78" sc="9" el="78" ec="9" bec="0" bev="0" fileid="19" />
                <SequencePoint vc="4" uspid="4906" ordinal="0" offset="165" sl="79" sc="9" el="79" ec="9" bec="0" bev="0" fileid="19" />
                <SequencePoint vc="5" uspid="4907" ordinal="0" offset="169" sl="80" sc="5" el="80" ec="5" bec="0" bev="0" fileid="19" />
              </SequencePoints>
              <BranchPoints />
            </Method>
            <Method visited="true" cyclomaticComplexity="3" nPathComplexity="0" sequenceCoverage="100.0" branchCoverage="0" crapScore="3" isConstructor="false" isStatic="false" isGetter="false" isSetter="false">
              <Summary numSequencePoints="3" visitedSequencePoints="3" numBranchPoints="0" visitedBranchPoints="0" sequenceCoverage="100.0" branchCoverage="0" maxCyclomaticComplexity="3" minCyclomaticComplexity="3" maxCrapScore="3" minCrapScore="3" visitedClasses="0" numClasses="0" visitedMethods="1" numMethods="1" />
              <MetadataToken>100663431</MetadataToken>
              <Name>System.Single ScheduleManager::GetScheduledArrival(System.Int32)</Name>
              <FileRef uid="19" />
              <SequencePoints>
                <SequencePoint vc="8" uspid="4908" ordinal="0" offset="0" sl="83" sc="5" el="83" ec="5" bec="0" bev="0" fileid="19" />
                <SequencePoint vc="8" uspid="4909" ordinal="0" offset="1" sl="84" sc="9" el="84" ec="9" bec="0" bev="0" fileid="19" />
                <SequencePoint vc="8" uspid="4910" ordinal="0" offset="37" sl="85" sc="5" el="85" ec="5" bec="0" bev="0" fileid="19" />
              </SequencePoints>
              <BranchPoints />
            </Method>
            <Method visited="true" cyclomaticComplexity="1" nPathComplexity="0" sequenceCoverage="100.0" branchCoverage="0" crapScore="1" isConstructor="true" isStatic="false" isGetter="false" isSetter="false">
              <Summary numSequencePoints="6" visitedSequencePoints="6" numBranchPoints="0" visitedBranchPoints="0" sequenceCoverage="100.0" branchCoverage="0" maxCyclomaticComplexity="1" minCyclomaticComplexity="1" maxCrapScore="1" minCrapScore="1" visitedClasses="0" numClasses="0" visitedMethods="1" numMethods="1" />
              <MetadataToken>100663432</MetadataToken>
              <Name>ScheduleManager::ScheduleManager()</Name>
              <FileRef uid="19" />
              <SequencePoints>
                <SequencePoint vc="2" uspid="4911" ordinal="0" offset="0" sl="9" sc="5" el="9" ec="5" bec="0" bev="0" fileid="19" />
                <SequencePoint vc="2" uspid="4912" ordinal="0" offset="11" sl="10" sc="5" el="10" ec="5" bec="0" bev="0" fileid="19" />
                <SequencePoint vc="2" uspid="4913" ordinal="0" offset="22" sl="13" sc="5" el="13" ec="5" bec="0" bev="0" fileid="19" />
                <SequencePoint vc="2" uspid="4914" ordinal="0" offset="33" sl="14" sc="5" el="14" ec="5" bec="0" bev="0" fileid="19" />
                <SequencePoint vc="2" uspid="4915" ordinal="0" offset="44" sl="17" sc="5" el="17" ec="5" bec="0" bev="0" fileid="19" />
                <SequencePoint vc="2" uspid="4916" ordinal="0" offset="55" sl="18" sc="5" el="18" ec="5" bec="0" bev="0" fileid="19" />
              </SequencePoints>
              <BranchPoints />
            </Method>
          </Methods>
        </Class>
        <Class>
          <Summary numSequencePoints="57" visitedSequencePoints="54" numBranchPoints="0" visitedBranchPoints="0" sequenceCoverage="94.74" branchCoverage="0.0" maxCyclomaticComplexity="5" minCyclomaticComplexity="1" maxCrapScore="5.51" minCrapScore="1" visitedClasses="1" numClasses="1" visitedMethods="9" numMethods="9" />
          <FullName>ScoreTracker</FullName>
          <Methods>
            <Method visited="true" cyclomaticComplexity="1" nPathComplexity="0" sequenceCoverage="100.0" branchCoverage="0" crapScore="1" isConstructor="false" isStatic="true" isGetter="true" isSetter="false">
              <Summary numSequencePoints="1" visitedSequencePoints="1" numBranchPoints="0" visitedBranchPoints="0" sequenceCoverage="100.0" branchCoverage="0" maxCyclomaticComplexity="1" minCyclomaticComplexity="1" maxCrapScore="1" minCrapScore="1" visitedClasses="0" numClasses="0" visitedMethods="1" numMethods="1" />
              <MetadataToken>100663433</MetadataToken>
              <Name>static ScoreTracker ScoreTracker::get_Instance()</Name>
              <FileRef uid="20" />
              <SequencePoints>
                <SequencePoint vc="14" uspid="4917" ordinal="0" offset="0" sl="5" sc="43" el="5" ec="43" bec="0" bev="0" fileid="20" />
              </SequencePoints>
              <BranchPoints />
            </Method>
            <Method visited="true" cyclomaticComplexity="5" nPathComplexity="0" sequenceCoverage="72.73" branchCoverage="0" crapScore="5.51" isConstructor="false" isStatic="false" isGetter="false" isSetter="false">
              <Summary numSequencePoints="11" visitedSequencePoints="8" numBranchPoints="0" visitedBranchPoints="0" sequenceCoverage="72.73" branchCoverage="0" maxCyclomaticComplexity="5" minCyclomaticComplexity="5" maxCrapScore="5.51" minCrapScore="5.51" visitedClasses="0" numClasses="0" visitedMethods="1" numMethods="1" />
              <MetadataToken>100663439</MetadataToken>
              <Name>System.Void ScoreTracker::RecordStopArrival(PunctualityStatus)</Name>
              <FileRef uid="20" />
              <SequencePoints>
                <SequencePoint vc="11" uspid="4953" ordinal="0" offset="0" sl="83" sc="5" el="83" ec="5" bec="0" bev="0" fileid="20" />
                <SequencePoint vc="11" uspid="4954" ordinal="0" offset="1" sl="84" sc="9" el="84" ec="9" bec="0" bev="0" fileid="20" />
                <SequencePoint vc="11" uspid="4955" ordinal="0" offset="15" sl="86" sc="9" el="86" ec="9" bec="0" bev="0" fileid="20" />
                <SequencePoint vc="0" uspid="4956" ordinal="0" offset="43" sl="90" sc="17" el="90" ec="17" bec="0" bev="0" fileid="20" />
                <SequencePoint vc="1" uspid="4957" ordinal="0" offset="45" sl="92" sc="17" el="92" ec="17" bec="0" bev="0" fileid="20" />
                <SequencePoint vc="1" uspid="4958" ordinal="0" offset="73" sl="93" sc="17" el="93" ec="17" bec="0" bev="0" fileid="20" />
                <SequencePoint vc="0" uspid="4959" ordinal="0" offset="75" sl="95" sc="17" el="95" ec="17" bec="0" bev="0" fileid="20" />
                <SequencePoint vc="0" uspid="4960" ordinal="0" offset="103" sl="96" sc="17" el="96" ec="17" bec="0" bev="0" fileid="20" />
                <SequencePoint vc="10" uspid="4961" ordinal="0" offset="105" sl="98" sc="17" el="98" ec="17" bec="0" bev="0" fileid="20" />
                <SequencePoint vc="10" uspid="4962" ordinal="0" offset="133" sl="99" sc="17" el="99" ec="17" bec="0" bev="0" fileid="20" />
                <SequencePoint vc="11" uspid="4963" ordinal="0" offset="135" sl="101" sc="5" el="101" ec="5" bec="0" bev="0" fileid="20" />
              </SequencePoints>
              <BranchPoints />
            </Method>
            <Method visited="true" cyclomaticComplexity="1" nPathComplexity="0" sequenceCoverage="100.0" branchCoverage="0" crapScore="1" isConstructor="false" isStatic="false" isGetter="false" isSetter="false">
              <Summary numSequencePoints="5" visitedSequencePoints="5" numBranchPoints="0" visitedBranchPoints="0" sequenceCoverage="100.0" branchCoverage="0" maxCyclomaticComplexity="1" minCyclomaticComplexity="1" maxCrapScore="1" minCrapScore="1" visitedClasses="0" numClasses="0" visitedMethods="1" numMethods="1" />
              <MetadataToken>100663440</MetadataToken>
              <Name>System.Void ScoreTracker::RecordCollision()</Name>
              <FileRef uid="20" />
              <SequencePoints>
                <SequencePoint vc="11" uspid="4964" ordinal="0" offset="0" sl="104" sc="5" el="104" ec="5" bec="0" bev="0" fileid="20" />
                <SequencePoint vc="11" uspid="4965" ordinal="0" offset="1" sl="105" sc="9" el="105" ec="9" bec="0" bev="0" fileid="20" />
                <SequencePoint vc="11" uspid="4966" ordinal="0" offset="15" sl="106" sc="9" el="106" ec="9" bec="0" bev="0" fileid="20" />
                <SequencePoint vc="11" uspid="4967" ordinal="0" offset="43" sl="107" sc="9" el="107" ec="9" bec="0" bev="0" fileid="20" />
                <SequencePoint vc="11" uspid="4968" ordinal="0" offset="70" sl="108" sc="5" el="108" ec="5" bec="0" bev="0" fileid="20" />
              </SequencePoints>
              <BranchPoints />
            </Method>
            <Method visited="true" cyclomaticComplexity="1" nPathComplexity="0" sequenceCoverage="100.0" branchCoverage="0" crapScore="1" isConstructor="false" isStatic="false" isGetter="false" isSetter="false">
              <Summary numSequencePoints="5" visitedSequencePoints="5" numBranchPoints="0" visitedBranchPoints="0" sequenceCoverage="100.0" branchCoverage="0" maxCyclomaticComplexity="1" minCyclomaticComplexity="1" maxCrapScore="1" minCrapScore="1" visitedClasses="0" numClasses="0" visitedMethods="1" numMethods="1" />
              <MetadataToken>100663441</MetadataToken>
              <Name>System.Void ScoreTracker::RecordRedLight()</Name>
              <FileRef uid="20" />
              <SequencePoints>
                <SequencePoint vc="11" uspid="4969" ordinal="0" offset="0" sl="111" sc="5" el="111" ec="5" bec="0" bev="0" fileid="20" />
                <SequencePoint vc="11" uspid="4970" ordinal="0" offset="1" sl="112" sc="9" el="112" ec="9" bec="0" bev="0" fileid="20" />
                <SequencePoint vc="11" uspid="4971" ordinal="0" offset="15" sl="113" sc="9" el="113" ec="9" bec="0" bev="0" fileid="20" />
                <SequencePoint vc="11" uspid="4972" ordinal="0" offset="43" sl="114" sc="9" el="114" ec="9" bec="0" bev="0" fileid="20" />
                <SequencePoint vc="11" uspid="4973" ordinal="0" offset="70" sl="115" sc="5" el="115" ec="5" bec="0" bev="0" fileid="20" />
              </SequencePoints>
              <BranchPoints />
            </Method>
            <Method visited="true" cyclomaticComplexity="1" nPathComplexity="0" sequenceCoverage="100.0" branchCoverage="0" crapScore="1" isConstructor="false" isStatic="false" isGetter="false" isSetter="false">
              <Summary numSequencePoints="4" visitedSequencePoints="4" numBranchPoints="0" visitedBranchPoints="0" sequenceCoverage="100.0" branchCoverage="0" maxCyclomaticComplexity="1" minCyclomaticComplexity="1" maxCrapScore="1" minCrapScore="1" visitedClasses="0" numClasses="0" visitedMethods="1" numMethods="1" />
              <MetadataToken>100663442</MetadataToken>
              <Name>System.Void ScoreTracker::UpdateEfficiencyScore(System.Single, System.Single)</Name>
              <FileRef uid="20" />
              <SequencePoints>
                <SequencePoint vc="4" uspid="4974" ordinal="0" offset="0" sl="118" sc="5" el="118" ec="5" bec="0" bev="0" fileid="20" />
                <SequencePoint vc="4" uspid="4975" ordinal="0" offset="1" sl="119" sc="9" el="119" ec="9" bec="0" bev="0" fileid="20" />
                <SequencePoint vc="4" uspid="4976" ordinal="0" offset="15" sl="120" sc="9" el="120" ec="9" bec="0" bev="0" fileid="20" />
                <SequencePoint vc="4" uspid="4977" ordinal="0" offset="43" sl="121" sc="5" el="121" ec="5" bec="0" bev="0" fileid="20" />
              </SequencePoints>
              <BranchPoints />
            </Method>
            <Method visited="true" cyclomaticComplexity="1" nPathComplexity="0" sequenceCoverage="100.0" branchCoverage="0" crapScore="1" isConstructor="false" isStatic="false" isGetter="false" isSetter="false">
              <Summary numSequencePoints="3" visitedSequencePoints="3" numBranchPoints="0" visitedBranchPoints="0" sequenceCoverage="100.0" branchCoverage="0" maxCyclomaticComplexity="1" minCyclomaticComplexity="1" maxCrapScore="1" minCrapScore="1" visitedClasses="0" numClasses="0" visitedMethods="1" numMethods="1" />
              <MetadataToken>100663443</MetadataToken>
              <Name>System.Void ScoreTracker::UpdateTotalScore()</Name>
              <FileRef uid="20" />
              <SequencePoints>
                <SequencePoint vc="1" uspid="4978" ordinal="0" offset="0" sl="124" sc="5" el="124" ec="5" bec="0" bev="0" fileid="20" />
                <SequencePoint vc="1" uspid="4979" ordinal="0" offset="1" sl="125" sc="9" el="125" ec="9" bec="0" bev="0" fileid="20" />
                <SequencePoint vc="1" uspid="4980" ordinal="0" offset="62" sl="129" sc="5" el="129" ec="5" bec="0" bev="0" fileid="20" />
              </SequencePoints>
              <BranchPoints />
            </Method>
            <Method visited="true" cyclomaticComplexity="5" nPathComplexity="0" sequenceCoverage="100.0" branchCoverage="0" crapScore="5" isConstructor="false" isStatic="false" isGetter="false" isSetter="false">
              <Summary numSequencePoints="11" visitedSequencePoints="11" numBranchPoints="0" visitedBranchPoints="0" sequenceCoverage="100.0" branchCoverage="0" maxCyclomaticComplexity="5" minCyclomaticComplexity="5" maxCrapScore="5" minCrapScore="5" visitedClasses="0" numClasses="0" visitedMethods="1" numMethods="1" />
              <MetadataToken>100663444</MetadataToken>
              <Name>System.Int32 ScoreTracker::GetStarRating()</Name>
              <FileRef uid="20" />
              <SequencePoints>
                <SequencePoint vc="10" uspid="4981" ordinal="0" offset="0" sl="132" sc="5" el="132" ec="5" bec="0" bev="0" fileid="20" />
                <SequencePoint vc="10" uspid="4982" ordinal="0" offset="1" sl="133" sc="9" el="133" ec="9" bec="0" bev="0" fileid="20" />
                <SequencePoint vc="1" uspid="4983" ordinal="0" offset="21" sl="133" sc="32" el="133" ec="32" bec="0" bev="0" fileid="20" />
                <SequencePoint vc="9" uspid="4984" ordinal="0" offset="25" sl="134" sc="9" el="134" ec="9" bec="0" bev="0" fileid="20" />
                <SequencePoint vc="4" uspid="4985" ordinal="0" offset="45" sl="134" sc="32" el="134" ec="32" bec="0" bev="0" fileid="20" />
                <SequencePoint vc="5" uspid="4986" ordinal="0" offset="49" sl="135" sc="9" el="135" ec="9" bec="0" bev="0" fileid="20" />
                <SequencePoint vc="2" uspid="4987" ordinal="0" offset="69" sl="135" sc="32" el="135" ec="32" bec="0" bev="0" fileid="20" />
                <SequencePoint vc="3" uspid="4988" ordinal="0" offset="73" sl="136" sc="9" el="136" ec="9" bec="0" bev="0" fileid="20" />
                <SequencePoint vc="2" uspid="4989" ordinal="0" offset="95" sl="136" sc="32" el="136" ec="32" bec="0" bev="0" fileid="20" />
                <SequencePoint vc="1" uspid="4990" ordinal="0" offset="99" sl="137" sc="9" el="137" ec="9" bec="0" bev="0" fileid="20" />
                <SequencePoint vc="10" uspid="4991" ordinal="0" offset="103" sl="138" sc="5" el="138" ec="5" bec="0" bev="0" fileid="20" />
              </SequencePoints>
              <BranchPoints />
            </Method>
            <Method visited="true" cyclomaticComplexity="1" nPathComplexity="0" sequenceCoverage="100.0" branchCoverage="0" crapScore="1" isConstructor="false" isStatic="false" isGetter="false" isSetter="false">
              <Summary numSequencePoints="3" visitedSequencePoints="3" numBranchPoints="0" visitedBranchPoints="0" sequenceCoverage="100.0" branchCoverage="0" maxCyclomaticComplexity="1" minCyclomaticComplexity="1" maxCrapScore="1" minCrapScore="1" visitedClasses="0" numClasses="0" visitedMethods="1" numMethods="1" />
              <MetadataToken>100663445</MetadataToken>
              <Name>System.String ScoreTracker::GetScoreSummary()</Name>
              <FileRef uid="20" />
              <SequencePoints>
                <SequencePoint vc="2" uspid="4992" ordinal="0" offset="0" sl="141" sc="5" el="141" ec="5" bec="0" bev="0" fileid="20" />
                <SequencePoint vc="2" uspid="4993" ordinal="0" offset="1" sl="142" sc="9" el="142" ec="9" bec="0" bev="0" fileid="20" />
                <SequencePoint vc="2" uspid="4994" ordinal="0" offset="135" sl="147" sc="5" el="147" ec="5" bec="0" bev="0" fileid="20" />
              </SequencePoints>
              <BranchPoints />
            </Method>
            <Method visited="true" cyclomaticComplexity="1" nPathComplexity="0" sequenceCoverage="100.0" branchCoverage="0" crapScore="1" isConstructor="true" isStatic="false" isGetter="false" isSetter="false">
              <Summary numSequencePoints="14" visitedSequencePoints="14" numBranchPoints="0" visitedBranchPoints="0" sequenceCoverage="100.0" branchCoverage="0" maxCyclomaticComplexity="1" minCyclomaticComplexity="1" maxCrapScore="1" minCrapScore="1" visitedClasses="0" numClasses="0" visitedMethods="1" numMethods="1" />
              <MetadataToken>100663446</MetadataToken>
              <Name>ScoreTracker::ScoreTracker()</Name>
              <FileRef uid="20" />
              <SequencePoints>
                <SequencePoint vc="13" uspid="4995" ordinal="0" offset="0" sl="8" sc="19" el="8" ec="19" bec="0" bev="0" fileid="20" />
                <SequencePoint vc="13" uspid="4996" ordinal="0" offset="11" sl="9" sc="19" el="9" ec="19" bec="0" bev="0" fileid="20" />
                <SequencePoint vc="13" uspid="4997" ordinal="0" offset="22" sl="10" sc="19" el="10" ec="19" bec="0" bev="0" fileid="20" />
                <SequencePoint vc="13" uspid="4998" ordinal="0" offset="33" sl="11" sc="19" el="11" ec="19" bec="0" bev="0" fileid="20" />
                <SequencePoint vc="13" uspid="4999" ordinal="0" offset="44" sl="14" sc="5" el="14" ec="5" bec="0" bev="0" fileid="20" />
                <SequencePoint vc="13" uspid="5000" ordinal="0" offset="55" sl="17" sc="5" el="17" ec="5" bec="0" bev="0" fileid="20" />
                <SequencePoint vc="13" uspid="5001" ordinal="0" offset="66" sl="18" sc="5" el="18" ec="5" bec="0" bev="0" fileid="20" />
                <SequencePoint vc="13" uspid="5002" ordinal="0" offset="77" sl="19" sc="5" el="19" ec="5" bec="0" bev="0" fileid="20" />
                <SequencePoint vc="13" uspid="5003" ordinal="0" offset="88" sl="22" sc="5" el="22" ec="5" bec="0" bev="0" fileid="20" />
                <SequencePoint vc="13" uspid="5004" ordinal="0" offset="99" sl="23" sc="5" el="23" ec="5" bec="0" bev="0" fileid="20" />
                <SequencePoint vc="13" uspid="5005" ordinal="0" offset="106" sl="24" sc="5" el="24" ec="5" bec="0" bev="0" fileid="20" />
                <SequencePoint vc="13" uspid="5006" ordinal="0" offset="113" sl="27" sc="5" el="27" ec="5" bec="0" bev="0" fileid="20" />
                <SequencePoint vc="13" uspid="5007" ordinal="0" offset="124" sl="30" sc="5" el="30" ec="5" bec="0" bev="0" fileid="20" />
                <SequencePoint vc="13" uspid="5008" ordinal="0" offset="135" sl="31" sc="5" el="31" ec="5" bec="0" bev="0" fileid="20" />
              </SequencePoints>
              <BranchPoints />
            </Method>
          </Methods>
        </Class>
        <Class>
          <Summary numSequencePoints="7" visitedSequencePoints="7" numBranchPoints="0" visitedBranchPoints="0" sequenceCoverage="100.0" branchCoverage="0.0" maxCyclomaticComplexity="1" minCyclomaticComplexity="1" maxCrapScore="1" minCrapScore="1" visitedClasses="1" numClasses="1" visitedMethods="2" numMethods="2" />
          <FullName>PassengerData</FullName>
          <Methods>
            <Method visited="true" cyclomaticComplexity="1" nPathComplexity="0" sequenceCoverage="100.0" branchCoverage="0" crapScore="1" isConstructor="false" isStatic="false" isGetter="true" isSetter="false">
              <Summary numSequencePoints="1" visitedSequencePoints="1" numBranchPoints="0" visitedBranchPoints="0" sequenceCoverage="100.0" branchCoverage="0" maxCyclomaticComplexity="1" minCyclomaticComplexity="1" maxCrapScore="1" minCrapScore="1" visitedClasses="0" numClasses="0" visitedMethods="1" numMethods="1" />
              <MetadataToken>100663499</MetadataToken>
              <Name>System.Int32 PassengerData::get_totalCapacity()</Name>
              <FileRef uid="29" />
              <SequencePoints>
                <SequencePoint vc="1" uspid="5452" ordinal="0" offset="0" sl="9" sc="33" el="9" ec="33" bec="0" bev="0" fileid="29" />
              </SequencePoints>
              <BranchPoints />
            </Method>
            <Method visited="true" cyclomaticComplexity="1" nPathComplexity="0" sequenceCoverage="100.0" branchCoverage="0" crapScore="1" isConstructor="true" isStatic="false" isGetter="false" isSetter="false">
              <Summary numSequencePoints="6" visitedSequencePoints="6" numBranchPoints="0" visitedBranchPoints="0" sequenceCoverage="100.0" branchCoverage="0" maxCyclomaticComplexity="1" minCyclomaticComplexity="1" maxCrapScore="1" minCrapScore="1" visitedClasses="0" numClasses="0" visitedMethods="1" numMethods="1" />
              <MetadataToken>100663500</MetadataToken>
              <Name>PassengerData::PassengerData()</Name>
              <FileRef uid="29" />
              <SequencePoints>
                <SequencePoint vc="1" uspid="5453" ordinal="0" offset="0" sl="7" sc="5" el="7" ec="5" bec="0" bev="0" fileid="29" />
                <SequencePoint vc="1" uspid="5454" ordinal="0" offset="8" sl="8" sc="5" el="8" ec="5" bec="0" bev="0" fileid="29" />
                <SequencePoint vc="1" uspid="5455" ordinal="0" offset="16" sl="12" sc="5" el="12" ec="5" bec="0" bev="0" fileid="29" />
                <SequencePoint vc="1" uspid="5456" ordinal="0" offset="27" sl="13" sc="5" el="13" ec="5" bec="0" bev="0" fileid="29" />
                <SequencePoint vc="1" uspid="5457" ordinal="0" offset="38" sl="16" sc="5" el="16" ec="5" bec="0" bev="0" fileid="29" />
                <SequencePoint vc="1" uspid="5458" ordinal="0" offset="49" sl="17" sc="5" el="17" ec="5" bec="0" bev="0" fileid="29" />
              </SequencePoints>
              <BranchPoints />
            </Method>
          </Methods>
        </Class>
        <Class>
          <Summary numSequencePoints="12" visitedSequencePoints="12" numBranchPoints="0" visitedBranchPoints="0" sequenceCoverage="100.0" branchCoverage="0.0" maxCyclomaticComplexity="1" minCyclomaticComplexity="1" maxCrapScore="1" minCrapScore="1" visitedClasses="1" numClasses="1" visitedMethods="3" numMethods="3" />
          <FullName>PassengerManager</FullName>
          <Methods>
            <Method visited="true" cyclomaticComplexity="1" nPathComplexity="0" sequenceCoverage="100.0" branchCoverage="0" crapScore="1" isConstructor="false" isStatic="true" isGetter="true" isSetter="false">
              <Summary numSequencePoints="1" visitedSequencePoints="1" numBranchPoints="0" visitedBranchPoints="0" sequenceCoverage="100.0" branchCoverage="0" maxCyclomaticComplexity="1" minCyclomaticComplexity="1" maxCrapScore="1" minCrapScore="1" visitedClasses="0" numClasses="0" visitedMethods="1" numMethods="1" />
              <MetadataToken>100663501</MetadataToken>
              <Name>static PassengerManager PassengerManager::get_Instance()</Name>
              <FileRef uid="30" />
              <SequencePoints>
                <SequencePoint vc="5" uspid="5459" ordinal="0" offset="0" sl="5" sc="47" el="5" ec="47" bec="0" bev="0" fileid="30" />
              </SequencePoints>
              <BranchPoints />
            </Method>
            <Method visited="true" cyclomaticComplexity="1" nPathComplexity="0" sequenceCoverage="100.0" branchCoverage="0" crapScore="1" isConstructor="false" isStatic="false" isGetter="false" isSetter="false">
              <Summary numSequencePoints="4" visitedSequencePoints="4" numBranchPoints="0" visitedBranchPoints="0" sequenceCoverage="100.0" branchCoverage="0" maxCyclomaticComplexity="1" minCyclomaticComplexity="1" maxCrapScore="1" minCrapScore="1" visitedClasses="0" numClasses="0" visitedMethods="1" numMethods="1" />
              <MetadataToken>100663508</MetadataToken>
              <Name>System.Single PassengerManager::GetProfit()</Name>
              <FileRef uid="30" />
              <SequencePoints>
                <SequencePoint vc="1" uspid="5494" ordinal="0" offset="0" sl="81" sc="5" el="81" ec="5" bec="0" bev="0" fileid="30" />
                <SequencePoint vc="1" uspid="5495" ordinal="0" offset="1" sl="82" sc="9" el="82" ec="9" bec="0" bev="0" fileid="30" />
                <SequencePoint vc="1" uspid="5496" ordinal="0" offset="15" sl="83" sc="9" el="83" ec="9" bec="0" bev="0" fileid="30" />
                <SequencePoint vc="1" uspid="5497" ordinal="0" offset="26" sl="84" sc="5" el="84" ec="5" bec="0" bev="0" fileid="30" />
              </SequencePoints>
              <BranchPoints />
            </Method>
            <Method visited="true" cyclomaticComplexity="1" nPathComplexity="0" sequenceCoverage="100.0" branchCoverage="0" crapScore="1" isConstructor="true" isStatic="false" isGetter="false" isSetter="false">
              <Summary numSequencePoints="7" visitedSequencePoints="7" numBranchPoints="0" visitedBranchPoints="0" sequenceCoverage="100.0" branchCoverage="0" maxCyclomaticComplexity="1" minCyclomaticComplexity="1" maxCrapScore="1" minCrapScore="1" visitedClasses="0" numClasses="0" visitedMethods="1" numMethods="1" />
              <MetadataToken>100663509</MetadataToken>
              <Name>PassengerManager::PassengerManager()</Name>
              <FileRef uid="30" />
              <SequencePoints>
                <SequencePoint vc="2" uspid="5498" ordinal="0" offset="0" sl="8" sc="5" el="8" ec="5" bec="0" bev="0" fileid="30" />
                <SequencePoint vc="2" uspid="5499" ordinal="0" offset="7" sl="9" sc="5" el="9" ec="5" bec="0" bev="0" fileid="30" />
                <SequencePoint vc="2" uspid="5500" ordinal="0" offset="18" sl="15" sc="5" el="15" ec="5" bec="0" bev="0" fileid="30" />
                <SequencePoint vc="2" uspid="5501" ordinal="0" offset="25" sl="16" sc="5" el="16" ec="5" bec="0" bev="0" fileid="30" />
                <SequencePoint vc="2" uspid="5502" ordinal="0" offset="36" sl="17" sc="5" el="17" ec="5" bec="0" bev="0" fileid="30" />
                <SequencePoint vc="2" uspid="5503" ordinal="0" offset="47" sl="20" sc="5" el="20" ec="5" bec="0" bev="0" fileid="30" />
                <SequencePoint vc="2" uspid="5504" ordinal="0" offset="58" sl="21" sc="5" el="21" ec="5" bec="0" bev="0" fileid="30" />
              </SequencePoints>
              <BranchPoints />
            </Method>
          </Methods>
        </Class>
        <Class>
          <Summary numSequencePoints="36" visitedSequencePoints="35" numBranchPoints="0" visitedBranchPoints="0" sequenceCoverage="97.22" branchCoverage="0.0" maxCyclomaticComplexity="10" minCyclomaticComplexity="1" maxCrapScore="10" minCrapScore="1" visitedClasses="1" numClasses="1" visitedMethods="7" numMethods="7" />
          <FullName>TrafficLight</FullName>
          <Methods>
            <Method visited="true" cyclomaticComplexity="4" nPathComplexity="0" sequenceCoverage="100.0" branchCoverage="0" crapScore="4" isConstructor="false" isStatic="false" isGetter="false" isSetter="false">
              <Summary numSequencePoints="9" visitedSequencePoints="9" numBranchPoints="0" visitedBranchPoints="0" sequenceCoverage="100.0" branchCoverage="0" maxCyclomaticComplexity="4" minCyclomaticComplexity="4" maxCrapScore="4" minCrapScore="4" visitedClasses="0" numClasses="0" visitedMethods="1" numMethods="1" />
              <MetadataToken>100663516</MetadataToken>
              <Name>System.Void TrafficLight::AdvanceState()</Name>
              <FileRef uid="32" />
              <SequencePoints>
                <SequencePoint vc="3" uspid="5551" ordinal="0" offset="0" sl="48" sc="5" el="48" ec="5" bec="0" bev="0" fileid="32" />
                <SequencePoint vc="3" uspid="5552" ordinal="0" offset="1" sl="49" sc="9" el="49" ec="9" bec="0" bev="0" fileid="32" />
                <SequencePoint vc="1" uspid="5553" ordinal="0" offset="30" sl="51" sc="34" el="51" ec="34" bec="0" bev="0" fileid="32" />
                <SequencePoint vc="1" uspid="5554" ordinal="0" offset="37" sl="51" sc="67" el="51" ec="67" bec="0" bev="0" fileid="32" />
                <SequencePoint vc="1" uspid="5555" ordinal="0" offset="39" sl="52" sc="36" el="52" ec="36" bec="0" bev="0" fileid="32" />
                <SequencePoint vc="1" uspid="5556" ordinal="0" offset="46" sl="52" sc="69" el="52" ec="69" bec="0" bev="0" fileid="32" />
                <SequencePoint vc="1" uspid="5557" ordinal="0" offset="48" sl="53" sc="36" el="53" ec="36" bec="0" bev="0" fileid="32" />
[...]
                <SequencePoint vc="0" uspid="8055" ordinal="0" offset="295" sl="643" sc="8" el="643" ec="8" bec="0" bev="0" fileid="47" />
                <SequencePoint vc="0" uspid="8056" ordinal="0" offset="296" sl="644" sc="9" el="644" ec="9" bec="0" bev="0" fileid="47" />
                <SequencePoint vc="0" uspid="8057" ordinal="0" offset="313" sl="645" sc="9" el="645" ec="9" bec="0" bev="0" fileid="47" />
                <SequencePoint vc="0" uspid="8058" ordinal="0" offset="337" sl="646" sc="8" el="646" ec="8" bec="0" bev="0" fileid="47" />
                <SequencePoint vc="70" uspid="8059" ordinal="0" offset="338" sl="647" sc="8" el="647" ec="8" bec="0" bev="0" fileid="47" />
                <SequencePoint vc="71" uspid="8060" ordinal="0" offset="340" sl="649" sc="5" el="649" ec="5" bec="0" bev="0" fileid="47" />
                <SequencePoint vc="83" uspid="8061" ordinal="0" offset="345" sl="611" sc="20" el="611" ec="20" bec="0" bev="0" fileid="47" />
                <SequencePoint vc="12" uspid="8062" ordinal="0" offset="354" sl="651" sc="5" el="651" ec="5" bec="0" bev="0" fileid="47" />
                <SequencePoint vc="12" uspid="8063" ordinal="0" offset="368" sl="652" sc="4" el="652" ec="4" bec="0" bev="0" fileid="47" />
              </SequencePoints>
              <BranchPoints />
            </Method>
            <Method visited="true" cyclomaticComplexity="14" nPathComplexity="0" sequenceCoverage="91.18" branchCoverage="0" crapScore="14.13" isConstructor="false" isStatic="false" isGetter="false" isSetter="false">
              <Summary numSequencePoints="34" visitedSequencePoints="31" numBranchPoints="0" visitedBranchPoints="0" sequenceCoverage="91.18" branchCoverage="0" maxCyclomaticComplexity="14" minCyclomaticComplexity="14" maxCrapScore="14.13" minCrapScore="14.13" visitedClasses="0" numClasses="0" visitedMethods="1" numMethods="1" />
              <MetadataToken>100663963</MetadataToken>
              <Name>System.Void Json/Serializer::SerializeOther(System.Object, System.Int32)</Name>
              <FileRef uid="47" />
              <SequencePoints>
                <SequencePoint vc="4" uspid="8064" ordinal="0" offset="0" sl="655" sc="4" el="655" ec="4" bec="0" bev="0" fileid="47" />
                <SequencePoint vc="4" uspid="8065" ordinal="0" offset="1" sl="659" sc="5" el="659" ec="5" bec="0" bev="0" fileid="47" />
                <SequencePoint vc="1" uspid="8066" ordinal="0" offset="14" sl="660" sc="5" el="660" ec="5" bec="0" bev="0" fileid="47" />
                <SequencePoint vc="1" uspid="8067" ordinal="0" offset="15" sl="661" sc="6" el="661" ec="6" bec="0" bev="0" fileid="47" />
                <SequencePoint vc="1" uspid="8068" ordinal="0" offset="51" sl="662" sc="5" el="662" ec="5" bec="0" bev="0" fileid="47" />
                <SequencePoint vc="3" uspid="8069" ordinal="0" offset="57" sl="663" sc="10" el="663" ec="10" bec="0" bev="0" fileid="47" />
                <SequencePoint vc="2" uspid="8070" ordinal="0" offset="129" sl="664" sc="5" el="664" ec="5" bec="0" bev="0" fileid="47" />
                <SequencePoint vc="2" uspid="8071" ordinal="0" offset="130" sl="665" sc="6" el="665" ec="6" bec="0" bev="0" fileid="47" />
                <SequencePoint vc="2" uspid="8072" ordinal="0" offset="143" sl="666" sc="5" el="666" ec="5" bec="0" bev="0" fileid="47" />
                <SequencePoint vc="1" uspid="8073" ordinal="0" offset="149" sl="667" sc="10" el="667" ec="10" bec="0" bev="0" fileid="47" />
                <SequencePoint vc="0" uspid="8074" ordinal="0" offset="173" sl="668" sc="5" el="668" ec="5" bec="0" bev="0" fileid="47" />
                <SequencePoint vc="0" uspid="8075" ordinal="0" offset="174" sl="669" sc="6" el="669" ec="6" bec="0" bev="0" fileid="47" />
                <SequencePoint vc="0" uspid="8076" ordinal="0" offset="211" sl="670" sc="5" el="670" ec="5" bec="0" bev="0" fileid="47" />
                <SequencePoint vc="1" uspid="8077" ordinal="0" offset="217" sl="672" sc="5" el="672" ec="5" bec="0" bev="0" fileid="47" />
                <SequencePoint vc="1" uspid="8078" ordinal="0" offset="218" sl="673" sc="6" el="673" ec="6" bec="0" bev="0" fileid="47" />
                <SequencePoint vc="1" uspid="8079" ordinal="0" offset="225" sl="674" sc="6" el="674" ec="6" bec="0" bev="0" fileid="47" />
                <SequencePoint vc="1" uspid="8080" ordinal="0" offset="245" sl="675" sc="6" el="675" ec="6" bec="0" bev="0" fileid="47" />
                <SequencePoint vc="1" uspid="8081" ordinal="0" offset="246" sl="675" sc="34" el="675" ec="34" bec="0" bev="0" fileid="47" />
                <SequencePoint vc="1" uspid="8082" ordinal="0" offset="257" sl="675" sc="15" el="675" ec="15" bec="0" bev="0" fileid="47" />
                <SequencePoint vc="1" uspid="8083" ordinal="0" offset="266" sl="676" sc="6" el="676" ec="6" bec="0" bev="0" fileid="47" />
                <SequencePoint vc="1" uspid="8084" ordinal="0" offset="267" sl="677" sc="7" el="677" ec="7" bec="0" bev="0" fileid="47" />
                <SequencePoint vc="1" uspid="8085" ordinal="0" offset="290" sl="678" sc="6" el="678" ec="6" bec="0" bev="0" fileid="47" />
                <SequencePoint vc="2" uspid="8086" ordinal="0" offset="291" sl="675" sc="31" el="675" ec="31" bec="0" bev="0" fileid="47" />
                <SequencePoint vc="1" uspid="8087" ordinal="0" offset="317" sl="679" sc="6" el="679" ec="6" bec="0" bev="0" fileid="47" />
                <SequencePoint vc="1" uspid="8088" ordinal="0" offset="337" sl="680" sc="6" el="680" ec="6" bec="0" bev="0" fileid="47" />
                <SequencePoint vc="1" uspid="8089" ordinal="0" offset="338" sl="680" sc="40" el="680" ec="40" bec="0" bev="0" fileid="47" />
                <SequencePoint vc="1" uspid="8090" ordinal="0" offset="349" sl="680" sc="15" el="680" ec="15" bec="0" bev="0" fileid="47" />
                <SequencePoint vc="1" uspid="8091" ordinal="0" offset="358" sl="681" sc="6" el="681" ec="6" bec="0" bev="0" fileid="47" />
                <SequencePoint vc="1" uspid="8092" ordinal="0" offset="359" sl="682" sc="7" el="682" ec="7" bec="0" bev="0" fileid="47" />
                <SequencePoint vc="1" uspid="8093" ordinal="0" offset="383" sl="683" sc="6" el="683" ec="6" bec="0" bev="0" fileid="47" />
                <SequencePoint vc="2" uspid="8094" ordinal="0" offset="384" sl="680" sc="37" el="680" ec="37" bec="0" bev="0" fileid="47" />
                <SequencePoint vc="1" uspid="8095" ordinal="0" offset="410" sl="684" sc="6" el="684" ec="6" bec="0" bev="0" fileid="47" />
                <SequencePoint vc="1" uspid="8096" ordinal="0" offset="420" sl="685" sc="5" el="685" ec="5" bec="0" bev="0" fileid="47" />
                <SequencePoint vc="4" uspid="8097" ordinal="0" offset="421" sl="686" sc="4" el="686" ec="4" bec="0" bev="0" fileid="47" />
              </SequencePoints>
              <BranchPoints />
            </Method>
            <Method visited="true" cyclomaticComplexity="1" nPathComplexity="0" sequenceCoverage="100.0" branchCoverage="0" crapScore="1" isConstructor="true" isStatic="false" isGetter="false" isSetter="false">
              <Summary numSequencePoints="6" visitedSequencePoints="6" numBranchPoints="0" visitedBranchPoints="0" sequenceCoverage="100.0" branchCoverage="0" maxCyclomaticComplexity="1" minCyclomaticComplexity="1" maxCrapScore="1" minCrapScore="1" visitedClasses="0" numClasses="0" visitedMethods="1" numMethods="1" />
              <MetadataToken>100663957</MetadataToken>
              <Name>Json/Serializer::Serializer(System.Boolean, System.String)</Name>
              <FileRef uid="47" />
              <SequencePoints>
                <SequencePoint vc="2" uspid="8098" ordinal="0" offset="0" sl="457" sc="4" el="457" ec="4" bec="0" bev="0" fileid="47" />
                <SequencePoint vc="2" uspid="8099" ordinal="0" offset="7" sl="458" sc="4" el="458" ec="4" bec="0" bev="0" fileid="47" />
                <SequencePoint vc="2" uspid="8100" ordinal="0" offset="8" sl="459" sc="5" el="459" ec="5" bec="0" bev="0" fileid="47" />
                <SequencePoint vc="2" uspid="8101" ordinal="0" offset="19" sl="460" sc="5" el="460" ec="5" bec="0" bev="0" fileid="47" />
                <SequencePoint vc="2" uspid="8102" ordinal="0" offset="26" sl="461" sc="5" el="461" ec="5" bec="0" bev="0" fileid="47" />
                <SequencePoint vc="2" uspid="8103" ordinal="0" offset="33" sl="462" sc="4" el="462" ec="4" bec="0" bev="0" fileid="47" />
              </SequencePoints>
              <BranchPoints />
            </Method>
          </Methods>
        </Class>
        <Class>
          <Summary numSequencePoints="5" visitedSequencePoints="2" numBranchPoints="0" visitedBranchPoints="0" sequenceCoverage="40.00" branchCoverage="0.0" maxCyclomaticComplexity="3" minCyclomaticComplexity="3" maxCrapScore="4.94" minCrapScore="4.94" visitedClasses="1" numClasses="1" visitedMethods="1" numMethods="1" />
          <FullName>FogController/&lt;FadeOutFog&gt;d__16</FullName>
          <Methods>
            <Method visited="true" cyclomaticComplexity="3" nPathComplexity="0" sequenceCoverage="40.00" branchCoverage="0" crapScore="4.94" isConstructor="false" isStatic="false" isGetter="false" isSetter="false">
              <Summary numSequencePoints="5" visitedSequencePoints="2" numBranchPoints="0" visitedBranchPoints="0" sequenceCoverage="40.00" branchCoverage="0" maxCyclomaticComplexity="3" minCyclomaticComplexity="3" maxCrapScore="4.94" minCrapScore="4.94" visitedClasses="0" numClasses="0" visitedMethods="1" numMethods="1" />
              <MetadataToken>100663966</MetadataToken>
              <Name>System.Boolean FogController/&lt;FadeOutFog&gt;d__16::MoveNext()</Name>
              <FileRef uid="48" />
              <SequencePoints>
                <SequencePoint vc="1" uspid="8104" ordinal="0" offset="31" sl="97" sc="5" el="97" ec="5" bec="0" bev="0" fileid="48" />
                <SequencePoint vc="1" uspid="8105" ordinal="0" offset="32" sl="98" sc="9" el="98" ec="9" bec="0" bev="0" fileid="48" />
                <SequencePoint vc="0" uspid="8106" ordinal="0" offset="64" sl="99" sc="9" el="99" ec="9" bec="0" bev="0" fileid="48" />
                <SequencePoint vc="0" uspid="8107" ordinal="0" offset="76" sl="100" sc="9" el="100" ec="9" bec="0" bev="0" fileid="48" />
                <SequencePoint vc="0" uspid="8108" ordinal="0" offset="83" sl="101" sc="5" el="101" ec="5" bec="0" bev="0" fileid="48" />
              </SequencePoints>
              <BranchPoints />
            </Method>
          </Methods>
        </Class>
        <Class>
          <Summary numSequencePoints="12" visitedSequencePoints="10" numBranchPoints="0" visitedBranchPoints="0" sequenceCoverage="83.33" branchCoverage="0.0" maxCyclomaticComplexity="5" minCyclomaticComplexity="5" maxCrapScore="5.12" minCrapScore="5.12" visitedClasses="1" numClasses="1" visitedMethods="1" numMethods="1" />
          <FullName>RainController/&lt;DryRoad&gt;d__18</FullName>
          <Methods>
            <Method visited="true" cyclomaticComplexity="5" nPathComplexity="0" sequenceCoverage="83.33" branchCoverage="0" crapScore="5.12" isConstructor="false" isStatic="false" isGetter="false" isSetter="false">
              <Summary numSequencePoints="12" visitedSequencePoints="10" numBranchPoints="0" visitedBranchPoints="0" sequenceCoverage="83.33" branchCoverage="0" maxCyclomaticComplexity="5" minCyclomaticComplexity="5" maxCrapScore="5.12" minCrapScore="5.12" visitedClasses="0" numClasses="0" visitedMethods="1" numMethods="1" />
              <MetadataToken>100663972</MetadataToken>
              <Name>System.Boolean RainController/&lt;DryRoad&gt;d__18::MoveNext()</Name>
              <FileRef uid="49" />
              <SequencePoints>
                <SequencePoint vc="1" uspid="8109" ordinal="0" offset="34" sl="113" sc="5" el="113" ec="5" bec="0" bev="0" fileid="49" />
                <SequencePoint vc="1" uspid="8110" ordinal="0" offset="35" sl="114" sc="9" el="114" ec="9" bec="0" bev="0" fileid="49" />
                <SequencePoint vc="1" uspid="8111" ordinal="0" offset="52" sl="115" sc="9" el="115" ec="9" bec="0" bev="0" fileid="49" />
                <SequencePoint vc="1" uspid="8112" ordinal="0" offset="63" sl="116" sc="9" el="116" ec="9" bec="0" bev="0" fileid="49" />
                <SequencePoint vc="1" uspid="8113" ordinal="0" offset="76" sl="119" sc="9" el="119" ec="9" bec="0" bev="0" fileid="49" />
                <SequencePoint vc="1" uspid="8114" ordinal="0" offset="77" sl="120" sc="13" el="120" ec="13" bec="0" bev="0" fileid="49" />
                <SequencePoint vc="1" uspid="8115" ordinal="0" offset="95" sl="121" sc="13" el="121" ec="13" bec="0" bev="0" fileid="49" />
                <SequencePoint vc="1" uspid="8116" ordinal="0" offset="130" sl="122" sc="13" el="122" ec="13" bec="0" bev="0" fileid="49" />
                <SequencePoint vc="1" uspid="8117" ordinal="0" offset="148" sl="123" sc="13" el="123" ec="13" bec="0" bev="0" fileid="49" />
                <SequencePoint vc="0" uspid="8118" ordinal="0" offset="171" sl="124" sc="9" el="124" ec="9" bec="0" bev="0" fileid="49" />
                <SequencePoint vc="1" uspid="8119" ordinal="0" offset="172" sl="118" sc="9" el="118" ec="9" bec="0" bev="0" fileid="49" />
                <SequencePoint vc="0" uspid="8120" ordinal="0" offset="214" sl="125" sc="5" el="125" ec="5" bec="0" bev="0" fileid="49" />
              </SequencePoints>
              <BranchPoints />
            </Method>
          </Methods>
        </Class>
        <Class>
          <Summary numSequencePoints="14" visitedSequencePoints="3" numBranchPoints="0" visitedBranchPoints="0" sequenceCoverage="21.43" branchCoverage="0.0" maxCyclomaticComplexity="12" minCyclomaticComplexity="12" maxCrapScore="81.84" minCrapScore="81.84" visitedClasses="1" numClasses="1" visitedMethods="1" numMethods="1" />
          <FullName>RainController/&lt;ThunderEffect&gt;d__19</FullName>
          <Methods>
            <Method visited="true" cyclomaticComplexity="12" nPathComplexity="0" sequenceCoverage="21.43" branchCoverage="0" crapScore="81.84" isConstructor="false" isStatic="false" isGetter="false" isSetter="false">
              <Summary numSequencePoints="14" visitedSequencePoints="3" numBranchPoints="0" visitedBranchPoints="0" sequenceCoverage="21.43" branchCoverage="0" maxCyclomaticComplexity="12" minCyclomaticComplexity="12" maxCrapScore="81.84" minCrapScore="81.84" visitedClasses="0" numClasses="0" visitedMethods="1" numMethods="1" />
              <MetadataToken>100663978</MetadataToken>
              <Name>System.Boolean RainController/&lt;ThunderEffect&gt;d__19::MoveNext()</Name>
              <FileRef uid="49" />
              <SequencePoints>
                <SequencePoint vc="1" uspid="8121" ordinal="0" offset="45" sl="128" sc="5" el="128" ec="5" bec="0" bev="0" fileid="49" />
                <SequencePoint vc="0" uspid="8122" ordinal="0" offset="51" sl="131" sc="9" el="131" ec="9" bec="0" bev="0" fileid="49" />
                <SequencePoint vc="0" uspid="8123" ordinal="0" offset="52" sl="132" sc="13" el="132" ec="13" bec="0" bev="0" fileid="49" />
                <SequencePoint vc="0" uspid="8124" ordinal="0" offset="94" sl="135" sc="13" el="135" ec="13" bec="0" bev="0" fileid="49" />
                <SequencePoint vc="0" uspid="8125" ordinal="0" offset="121" sl="136" sc="17" el="136" ec="17" bec="0" bev="0" fileid="49" />
                <SequencePoint vc="0" uspid="8126" ordinal="0" offset="137" sl="139" sc="13" el="139" ec="13" bec="0" bev="0" fileid="49" />
                <SequencePoint vc="0" uspid="8127" ordinal="0" offset="158" sl="140" sc="13" el="140" ec="13" bec="0" bev="0" fileid="49" />
                <SequencePoint vc="0" uspid="8128" ordinal="0" offset="191" sl="141" sc="13" el="141" ec="13" bec="0" bev="0" fileid="49" />
                <SequencePoint vc="0" uspid="8129" ordinal="0" offset="234" sl="142" sc="13" el="142" ec="13" bec="0" bev="0" fileid="49" />
                <SequencePoint vc="0" uspid="8130" ordinal="0" offset="235" sl="143" sc="17" el="143" ec="17" bec="0" bev="0" fileid="49" />
                <SequencePoint vc="0" uspid="8131" ordinal="0" offset="268" sl="144" sc="13" el="144" ec="13" bec="0" bev="0" fileid="49" />
                <SequencePoint vc="0" uspid="8132" ordinal="0" offset="269" sl="145" sc="9" el="145" ec="9" bec="0" bev="0" fileid="49" />
                <SequencePoint vc="1" uspid="8133" ordinal="0" offset="270" sl="129" sc="9" el="129" ec="9" bec="0" bev="0" fileid="49" />
                <SequencePoint vc="1" uspid="8134" ordinal="0" offset="306" sl="146" sc="5" el="146" ec="5" bec="0" bev="0" fileid="49" />
              </SequencePoints>
              <BranchPoints />
            </Method>
          </Methods>
        </Class>
        <Class>
          <Summary numSequencePoints="12" visitedSequencePoints="10" numBranchPoints="0" visitedBranchPoints="0" sequenceCoverage="83.33" branchCoverage="0.0" maxCyclomaticComplexity="5" minCyclomaticComplexity="5" maxCrapScore="5.12" minCrapScore="5.12" visitedClasses="1" numClasses="1" visitedMethods="1" numMethods="1" />
          <FullName>SnowController/&lt;MeltSnow&gt;d__14</FullName>
          <Methods>
            <Method visited="true" cyclomaticComplexity="5" nPathComplexity="0" sequenceCoverage="83.33" branchCoverage="0" crapScore="5.12" isConstructor="false" isStatic="false" isGetter="false" isSetter="false">
              <Summary numSequencePoints="12" visitedSequencePoints="10" numBranchPoints="0" visitedBranchPoints="0" sequenceCoverage="83.33" branchCoverage="0" maxCyclomaticComplexity="5" minCyclomaticComplexity="5" maxCrapScore="5.12" minCrapScore="5.12" visitedClasses="0" numClasses="0" visitedMethods="1" numMethods="1" />
              <MetadataToken>100663990</MetadataToken>
              <Name>System.Boolean SnowController/&lt;MeltSnow&gt;d__14::MoveNext()</Name>
              <FileRef uid="51" />
              <SequencePoints>
                <SequencePoint vc="1" uspid="8151" ordinal="0" offset="34" sl="87" sc="5" el="87" ec="5" bec="0" bev="0" fileid="51" />
                <SequencePoint vc="1" uspid="8152" ordinal="0" offset="35" sl="88" sc="9" el="88" ec="9" bec="0" bev="0" fileid="51" />
                <SequencePoint vc="1" uspid="8153" ordinal="0" offset="52" sl="89" sc="9" el="89" ec="9" bec="0" bev="0" fileid="51" />
                <SequencePoint vc="1" uspid="8154" ordinal="0" offset="63" sl="90" sc="9" el="90" ec="9" bec="0" bev="0" fileid="51" />
                <SequencePoint vc="1" uspid="8155" ordinal="0" offset="76" sl="93" sc="9" el="93" ec="9" bec="0" bev="0" fileid="51" />
                <SequencePoint vc="1" uspid="8156" ordinal="0" offset="77" sl="94" sc="13" el="94" ec="13" bec="0" bev="0" fileid="51" />
                <SequencePoint vc="1" uspid="8157" ordinal="0" offset="95" sl="95" sc="13" el="95" ec="13" bec="0" bev="0" fileid="51" />
                <SequencePoint vc="1" uspid="8158" ordinal="0" offset="135" sl="96" sc="13" el="96" ec="13" bec="0" bev="0" fileid="51" />
                <SequencePoint vc="1" uspid="8159" ordinal="0" offset="158" sl="97" sc="13" el="97" ec="13" bec="0" bev="0" fileid="51" />
                <SequencePoint vc="0" uspid="8160" ordinal="0" offset="181" sl="98" sc="9" el="98" ec="9" bec="0" bev="0" fileid="51" />
                <SequencePoint vc="1" uspid="8161" ordinal="0" offset="182" sl="92" sc="9" el="92" ec="9" bec="0" bev="0" fileid="51" />
                <SequencePoint vc="0" uspid="8162" ordinal="0" offset="224" sl="99" sc="5" el="99" ec="5" bec="0" bev="0" fileid="51" />
              </SequencePoints>
              <BranchPoints />
            </Method>
          </Methods>
        </Class>
      </Classes>
    </Module>
  </Modules>
</CoverageSession>